{"/Users/advanderveer/Documents/Personal/Javascript/station.js/ticket.js/src/resolver.js":{"path":"/Users/advanderveer/Documents/Personal/Javascript/station.js/ticket.js/src/resolver.js","s":{"1":1,"2":12,"3":12,"4":5,"5":12,"6":4,"7":1,"8":3,"9":12,"10":5,"11":1},"b":{"1":[1,3]},"f":{"1":12,"2":5,"3":4,"4":5},"fnMap":{"1":{"name":"Resolver","line":1,"loc":{"start":{"line":1,"column":15},"end":{"line":1,"column":35}}},"2":{"name":"getScope","line":12,"loc":{"start":{"line":12,"column":18},"end":{"line":12,"column":45}}},"3":{"name":"getFunction","line":23,"loc":{"start":{"line":23,"column":21},"end":{"line":23,"column":51}}},"4":{"name":"getArguments","line":39,"loc":{"start":{"line":39,"column":22},"end":{"line":39,"column":53}}}},"statementMap":{"1":{"start":{"line":1,"column":0},"end":{"line":43,"column":2}},"2":{"start":{"line":2,"column":2},"end":{"line":2,"column":18}},"3":{"start":{"line":12,"column":2},"end":{"line":14,"column":4}},"4":{"start":{"line":13,"column":4},"end":{"line":13,"column":19}},"5":{"start":{"line":23,"column":2},"end":{"line":30,"column":4}},"6":{"start":{"line":25,"column":4},"end":{"line":27,"column":5}},"7":{"start":{"line":26,"column":6},"end":{"line":26,"column":49}},"8":{"start":{"line":29,"column":4},"end":{"line":29,"column":17}},"9":{"start":{"line":39,"column":2},"end":{"line":41,"column":4}},"10":{"start":{"line":40,"column":4},"end":{"line":40,"column":14}},"11":{"start":{"line":45,"column":0},"end":{"line":45,"column":26}}},"branchMap":{"1":{"line":25,"type":"if","locations":[{"start":{"line":25,"column":4},"end":{"line":25,"column":4}},{"start":{"line":25,"column":4},"end":{"line":25,"column":4}}]}}},"/Users/advanderveer/Documents/Personal/Javascript/station.js/ticket.js/src/transit.js":{"path":"/Users/advanderveer/Documents/Personal/Javascript/station.js/ticket.js/src/transit.js","s":{"1":1,"2":1,"3":21,"4":21,"5":21,"6":21,"7":21,"8":21,"9":5,"10":0,"11":21,"12":10,"13":21,"14":21,"15":21,"16":21,"17":21,"18":21,"19":21,"20":21,"21":21,"22":1,"23":21,"24":5,"25":21,"26":11,"27":21,"28":7,"29":3,"30":4,"31":21,"32":6,"33":21,"34":9,"35":21,"36":7,"37":21,"38":4,"39":4,"40":21,"41":4,"42":1,"43":3,"44":3,"45":21,"46":11,"47":11,"48":1,"49":1,"50":10,"51":1,"52":1,"53":9,"54":2,"55":7,"56":1,"57":6,"58":1,"59":5,"60":5,"61":5,"62":1,"63":5,"64":21,"65":7,"66":7,"67":7,"68":7,"69":1,"70":6,"71":5,"72":1,"73":3,"74":1,"75":2,"76":2,"77":1,"78":2,"79":2,"80":1,"81":2,"82":2,"83":1},"b":{"1":[2,19],"2":[3,4],"3":[1,3],"4":[1,10],"5":[1,9],"6":[2,7],"7":[1,6],"8":[1,5],"9":[1,4],"10":[1,6],"11":[5,1],"12":[6,5],"13":[1,2],"14":[1,1]},"f":{"1":21,"2":5,"3":0,"4":10,"5":1,"6":5,"7":11,"8":7,"9":6,"10":9,"11":7,"12":4,"13":4,"14":11,"15":7,"16":3,"17":2},"fnMap":{"1":{"name":"Transit","line":10,"loc":{"start":{"line":10,"column":14},"end":{"line":10,"column":53}}},"2":{"name":"startTimeout","line":26,"loc":{"start":{"line":26,"column":22},"end":{"line":26,"column":46}}},"3":{"name":"(anonymous_3)","line":27,"loc":{"start":{"line":27,"column":23},"end":{"line":27,"column":33}}},"4":{"name":"stopTimeout","line":35,"loc":{"start":{"line":35,"column":21},"end":{"line":35,"column":44}}},"5":{"name":"setAttributes","line":94,"loc":{"start":{"line":94,"column":23},"end":{"line":94,"column":53}}},"6":{"name":"setAttribute","line":105,"loc":{"start":{"line":105,"column":22},"end":{"line":105,"column":54}}},"7":{"name":"getAttribute","line":116,"loc":{"start":{"line":116,"column":22},"end":{"line":116,"column":49}}},"8":{"name":"hasAttribute","line":127,"loc":{"start":{"line":127,"column":22},"end":{"line":127,"column":49}}},"9":{"name":"setScope","line":140,"loc":{"start":{"line":140,"column":18},"end":{"line":140,"column":43}}},"10":{"name":"setFunction","line":151,"loc":{"start":{"line":151,"column":21},"end":{"line":151,"column":46}}},"11":{"name":"setArguments","line":161,"loc":{"start":{"line":161,"column":22},"end":{"line":161,"column":50}}},"12":{"name":"deconstruct","line":172,"loc":{"start":{"line":172,"column":21},"end":{"line":172,"column":44}}},"13":{"name":"construct","line":186,"loc":{"start":{"line":186,"column":19},"end":{"line":186,"column":40}}},"14":{"name":"run","line":202,"loc":{"start":{"line":202,"column":13},"end":{"line":202,"column":28}}},"15":{"name":"render","line":245,"loc":{"start":{"line":245,"column":16},"end":{"line":245,"column":40}}},"16":{"name":"(anonymous_16)","line":270,"loc":{"start":{"line":270,"column":26},"end":{"line":270,"column":47}}},"17":{"name":"(anonymous_17)","line":291,"loc":{"start":{"line":291,"column":24},"end":{"line":291,"column":52}}}},"statementMap":{"1":{"start":{"line":2,"column":0},"end":{"line":2,"column":34}},"2":{"start":{"line":10,"column":0},"end":{"line":261,"column":2}},"3":{"start":{"line":11,"column":2},"end":{"line":11,"column":18}},"4":{"start":{"line":12,"column":2},"end":{"line":12,"column":36}},"5":{"start":{"line":13,"column":2},"end":{"line":13,"column":22}},"6":{"start":{"line":14,"column":2},"end":{"line":14,"column":12}},"7":{"start":{"line":21,"column":2},"end":{"line":21,"column":33}},"8":{"start":{"line":26,"column":2},"end":{"line":30,"column":4}},"9":{"start":{"line":27,"column":4},"end":{"line":29,"column":32}},"10":{"start":{"line":28,"column":6},"end":{"line":28,"column":175}},"11":{"start":{"line":35,"column":2},"end":{"line":37,"column":4}},"12":{"start":{"line":36,"column":4},"end":{"line":36,"column":24}},"13":{"start":{"line":43,"column":2},"end":{"line":43,"column":17}},"14":{"start":{"line":49,"column":2},"end":{"line":49,"column":77}},"15":{"start":{"line":55,"column":2},"end":{"line":55,"column":20}},"16":{"start":{"line":61,"column":2},"end":{"line":61,"column":17}},"17":{"start":{"line":67,"column":2},"end":{"line":67,"column":18}},"18":{"start":{"line":73,"column":2},"end":{"line":73,"column":22}},"19":{"start":{"line":79,"column":2},"end":{"line":79,"column":24}},"20":{"start":{"line":85,"column":2},"end":{"line":85,"column":24}},"21":{"start":{"line":94,"column":2},"end":{"line":96,"column":4}},"22":{"start":{"line":95,"column":4},"end":{"line":95,"column":23}},"23":{"start":{"line":105,"column":2},"end":{"line":107,"column":4}},"24":{"start":{"line":106,"column":4},"end":{"line":106,"column":26}},"25":{"start":{"line":116,"column":2},"end":{"line":118,"column":4}},"26":{"start":{"line":117,"column":4},"end":{"line":117,"column":27}},"27":{"start":{"line":127,"column":2},"end":{"line":132,"column":4}},"28":{"start":{"line":128,"column":4},"end":{"line":130,"column":5}},"29":{"start":{"line":129,"column":6},"end":{"line":129,"column":19}},"30":{"start":{"line":131,"column":4},"end":{"line":131,"column":16}},"31":{"start":{"line":140,"column":2},"end":{"line":142,"column":4}},"32":{"start":{"line":141,"column":4},"end":{"line":141,"column":23}},"33":{"start":{"line":151,"column":2},"end":{"line":153,"column":4}},"34":{"start":{"line":152,"column":4},"end":{"line":152,"column":17}},"35":{"start":{"line":161,"column":2},"end":{"line":163,"column":4}},"36":{"start":{"line":162,"column":4},"end":{"line":162,"column":21}},"37":{"start":{"line":172,"column":2},"end":{"line":176,"column":4}},"38":{"start":{"line":174,"column":4},"end":{"line":174,"column":17}},"39":{"start":{"line":175,"column":4},"end":{"line":175,"column":28}},"40":{"start":{"line":186,"column":2},"end":{"line":193,"column":4}},"41":{"start":{"line":188,"column":4},"end":{"line":189,"column":96}},"42":{"start":{"line":189,"column":6},"end":{"line":189,"column":96}},"43":{"start":{"line":191,"column":4},"end":{"line":191,"column":17}},"44":{"start":{"line":192,"column":4},"end":{"line":192,"column":28}},"45":{"start":{"line":202,"column":2},"end":{"line":236,"column":4}},"46":{"start":{"line":204,"column":4},"end":{"line":204,"column":32}},"47":{"start":{"line":205,"column":4},"end":{"line":208,"column":5}},"48":{"start":{"line":206,"column":6},"end":{"line":206,"column":33}},"49":{"start":{"line":207,"column":6},"end":{"line":207,"column":15}},"50":{"start":{"line":210,"column":4},"end":{"line":213,"column":5}},"51":{"start":{"line":211,"column":6},"end":{"line":211,"column":31}},"52":{"start":{"line":212,"column":6},"end":{"line":212,"column":15}},"53":{"start":{"line":215,"column":4},"end":{"line":217,"column":5}},"54":{"start":{"line":216,"column":6},"end":{"line":216,"column":124}},"55":{"start":{"line":219,"column":4},"end":{"line":221,"column":5}},"56":{"start":{"line":220,"column":6},"end":{"line":220,"column":100}},"57":{"start":{"line":223,"column":4},"end":{"line":225,"column":5}},"58":{"start":{"line":224,"column":6},"end":{"line":224,"column":98}},"59":{"start":{"line":228,"column":4},"end":{"line":228,"column":24}},"60":{"start":{"line":229,"column":4},"end":{"line":229,"column":51}},"61":{"start":{"line":230,"column":4},"end":{"line":232,"column":5}},"62":{"start":{"line":231,"column":6},"end":{"line":231,"column":23}},"63":{"start":{"line":234,"column":4},"end":{"line":234,"column":13}},"64":{"start":{"line":245,"column":2},"end":{"line":259,"column":4}},"65":{"start":{"line":246,"column":4},"end":{"line":246,"column":32}},"66":{"start":{"line":247,"column":4},"end":{"line":247,"column":25}},"67":{"start":{"line":248,"column":4},"end":{"line":248,"column":23}},"68":{"start":{"line":250,"column":4},"end":{"line":252,"column":5}},"69":{"start":{"line":251,"column":6},"end":{"line":251,"column":88}},"70":{"start":{"line":255,"column":4},"end":{"line":257,"column":5}},"71":{"start":{"line":256,"column":6},"end":{"line":256,"column":29}},"72":{"start":{"line":270,"column":0},"end":{"line":282,"column":2}},"73":{"start":{"line":272,"column":2},"end":{"line":273,"column":118}},"74":{"start":{"line":273,"column":4},"end":{"line":273,"column":118}},"75":{"start":{"line":275,"column":2},"end":{"line":275,"column":49}},"76":{"start":{"line":276,"column":2},"end":{"line":278,"column":3}},"77":{"start":{"line":277,"column":4},"end":{"line":277,"column":44}},"78":{"start":{"line":280,"column":2},"end":{"line":280,"column":36}},"79":{"start":{"line":281,"column":2},"end":{"line":281,"column":11}},"80":{"start":{"line":291,"column":0},"end":{"line":295,"column":2}},"81":{"start":{"line":292,"column":2},"end":{"line":292,"column":52}},"82":{"start":{"line":294,"column":2},"end":{"line":294,"column":11}},"83":{"start":{"line":299,"column":0},"end":{"line":299,"column":25}}},"branchMap":{"1":{"line":49,"type":"cond-expr","locations":[{"start":{"line":49,"column":48},"end":{"line":49,"column":68}},{"start":{"line":49,"column":71},"end":{"line":49,"column":76}}]},"2":{"line":128,"type":"if","locations":[{"start":{"line":128,"column":4},"end":{"line":128,"column":4}},{"start":{"line":128,"column":4},"end":{"line":128,"column":4}}]},"3":{"line":188,"type":"if","locations":[{"start":{"line":188,"column":4},"end":{"line":188,"column":4}},{"start":{"line":188,"column":4},"end":{"line":188,"column":4}}]},"4":{"line":205,"type":"if","locations":[{"start":{"line":205,"column":4},"end":{"line":205,"column":4}},{"start":{"line":205,"column":4},"end":{"line":205,"column":4}}]},"5":{"line":210,"type":"if","locations":[{"start":{"line":210,"column":4},"end":{"line":210,"column":4}},{"start":{"line":210,"column":4},"end":{"line":210,"column":4}}]},"6":{"line":215,"type":"if","locations":[{"start":{"line":215,"column":4},"end":{"line":215,"column":4}},{"start":{"line":215,"column":4},"end":{"line":215,"column":4}}]},"7":{"line":219,"type":"if","locations":[{"start":{"line":219,"column":4},"end":{"line":219,"column":4}},{"start":{"line":219,"column":4},"end":{"line":219,"column":4}}]},"8":{"line":223,"type":"if","locations":[{"start":{"line":223,"column":4},"end":{"line":223,"column":4}},{"start":{"line":223,"column":4},"end":{"line":223,"column":4}}]},"9":{"line":230,"type":"if","locations":[{"start":{"line":230,"column":4},"end":{"line":230,"column":4}},{"start":{"line":230,"column":4},"end":{"line":230,"column":4}}]},"10":{"line":250,"type":"if","locations":[{"start":{"line":250,"column":4},"end":{"line":250,"column":4}},{"start":{"line":250,"column":4},"end":{"line":250,"column":4}}]},"11":{"line":255,"type":"if","locations":[{"start":{"line":255,"column":4},"end":{"line":255,"column":4}},{"start":{"line":255,"column":4},"end":{"line":255,"column":4}}]},"12":{"line":255,"type":"binary-expr","locations":[{"start":{"line":255,"column":7},"end":{"line":255,"column":33}},{"start":{"line":255,"column":37},"end":{"line":255,"column":65}}]},"13":{"line":272,"type":"if","locations":[{"start":{"line":272,"column":2},"end":{"line":272,"column":2}},{"start":{"line":272,"column":2},"end":{"line":272,"column":2}}]},"14":{"line":276,"type":"if","locations":[{"start":{"line":276,"column":2},"end":{"line":276,"column":2}},{"start":{"line":276,"column":2},"end":{"line":276,"column":2}}]}}},"/Users/advanderveer/Documents/Personal/Javascript/station.js/ticket.js/src/state.js":{"path":"/Users/advanderveer/Documents/Personal/Javascript/station.js/ticket.js/src/state.js","s":{"1":1,"2":7,"3":7,"4":1},"b":{},"f":{"1":7},"fnMap":{"1":{"name":"State","line":1,"loc":{"start":{"line":1,"column":12},"end":{"line":1,"column":36}}}},"statementMap":{"1":{"start":{"line":1,"column":0},"end":{"line":10,"column":2}},"2":{"start":{"line":2,"column":2},"end":{"line":2,"column":18}},"3":{"start":{"line":8,"column":2},"end":{"line":8,"column":25}},"4":{"start":{"line":12,"column":0},"end":{"line":12,"column":23}}},"branchMap":{}},"/Users/advanderveer/Documents/Personal/Javascript/station.js/ticket.js/src/ticket.js":{"path":"/Users/advanderveer/Documents/Personal/Javascript/station.js/ticket.js/src/ticket.js","s":{"1":1,"2":1,"3":22,"4":22,"5":22,"6":17,"7":22,"8":5,"9":5,"10":5,"11":5,"12":5,"13":3,"14":5,"15":5,"16":2,"17":2,"18":4,"19":4,"20":2,"21":4,"22":22,"23":2,"24":1,"25":1,"26":1,"27":1,"28":1,"29":1,"30":1,"31":1,"32":2,"33":22,"34":13,"35":8,"36":2,"37":6,"38":6,"39":6,"40":2,"41":4,"42":2,"43":2,"44":5,"45":5,"46":2,"47":3,"48":1},"b":{"1":[10,7],"2":[3,2],"3":[1,1],"4":[8,5],"5":[2,6],"6":[2,4],"7":[2,2],"8":[2,3],"9":[5,4]},"f":{"1":22,"2":17,"3":5,"4":2,"5":2,"6":2,"7":1,"8":1,"9":13},"fnMap":{"1":{"name":"Ticket","line":11,"loc":{"start":{"line":11,"column":13},"end":{"line":11,"column":66}}},"2":{"name":"isServer","line":28,"loc":{"start":{"line":28,"column":18},"end":{"line":28,"column":38}}},"3":{"name":"handle","line":39,"loc":{"start":{"line":39,"column":16},"end":{"line":39,"column":41}}},"4":{"name":"(anonymous_4)","line":55,"loc":{"start":{"line":55,"column":41},"end":{"line":55,"column":54}}},"5":{"name":"(anonymous_5)","line":66,"loc":{"start":{"line":66,"column":15},"end":{"line":66,"column":25}}},"6":{"name":"install","line":79,"loc":{"start":{"line":79,"column":17},"end":{"line":79,"column":36}}},"7":{"name":"(anonymous_7)","line":81,"loc":{"start":{"line":81,"column":23},"end":{"line":81,"column":47}}},"8":{"name":"(anonymous_8)","line":89,"loc":{"start":{"line":89,"column":38},"end":{"line":89,"column":50}}},"9":{"name":"normalize","line":105,"loc":{"start":{"line":105,"column":19},"end":{"line":105,"column":40}}}},"statementMap":{"1":{"start":{"line":1,"column":0},"end":{"line":1,"column":38}},"2":{"start":{"line":11,"column":0},"end":{"line":139,"column":2}},"3":{"start":{"line":12,"column":2},"end":{"line":12,"column":18}},"4":{"start":{"line":20,"column":2},"end":{"line":20,"column":25}},"5":{"start":{"line":28,"column":2},"end":{"line":30,"column":4}},"6":{"start":{"line":29,"column":4},"end":{"line":29,"column":70}},"7":{"start":{"line":39,"column":2},"end":{"line":71,"column":4}},"8":{"start":{"line":41,"column":4},"end":{"line":41,"column":43}},"9":{"start":{"line":44,"column":4},"end":{"line":44,"column":46}},"10":{"start":{"line":46,"column":4},"end":{"line":46,"column":51}},"11":{"start":{"line":47,"column":4},"end":{"line":47,"column":59}},"12":{"start":{"line":48,"column":4},"end":{"line":49,"column":59}},"13":{"start":{"line":49,"column":6},"end":{"line":49,"column":59}},"14":{"start":{"line":52,"column":4},"end":{"line":52,"column":48}},"15":{"start":{"line":55,"column":4},"end":{"line":62,"column":7}},"16":{"start":{"line":58,"column":6},"end":{"line":58,"column":44}},"17":{"start":{"line":61,"column":6},"end":{"line":61,"column":33}},"18":{"start":{"line":65,"column":4},"end":{"line":65,"column":58}},"19":{"start":{"line":66,"column":4},"end":{"line":68,"column":7}},"20":{"start":{"line":67,"column":6},"end":{"line":67,"column":43}},"21":{"start":{"line":70,"column":4},"end":{"line":70,"column":17}},"22":{"start":{"line":79,"column":2},"end":{"line":95,"column":4}},"23":{"start":{"line":80,"column":4},"end":{"line":92,"column":5}},"24":{"start":{"line":81,"column":6},"end":{"line":87,"column":9}},"25":{"start":{"line":82,"column":8},"end":{"line":82,"column":41}},"26":{"start":{"line":83,"column":8},"end":{"line":83,"column":36}},"27":{"start":{"line":84,"column":8},"end":{"line":84,"column":36}},"28":{"start":{"line":85,"column":8},"end":{"line":85,"column":38}},"29":{"start":{"line":86,"column":8},"end":{"line":86,"column":23}},"30":{"start":{"line":89,"column":6},"end":{"line":91,"column":8}},"31":{"start":{"line":90,"column":8},"end":{"line":90,"column":41}},"32":{"start":{"line":94,"column":4},"end":{"line":94,"column":16}},"33":{"start":{"line":105,"column":2},"end":{"line":134,"column":4}},"34":{"start":{"line":107,"column":4},"end":{"line":132,"column":5}},"35":{"start":{"line":108,"column":6},"end":{"line":110,"column":7}},"36":{"start":{"line":109,"column":8},"end":{"line":109,"column":98}},"37":{"start":{"line":112,"column":6},"end":{"line":112,"column":29}},"38":{"start":{"line":113,"column":6},"end":{"line":113,"column":29}},"39":{"start":{"line":115,"column":6},"end":{"line":116,"column":121}},"40":{"start":{"line":116,"column":8},"end":{"line":116,"column":121}},"41":{"start":{"line":118,"column":6},"end":{"line":119,"column":128}},"42":{"start":{"line":119,"column":8},"end":{"line":119,"column":128}},"43":{"start":{"line":121,"column":6},"end":{"line":121,"column":54}},"44":{"start":{"line":125,"column":6},"end":{"line":125,"column":27}},"45":{"start":{"line":126,"column":6},"end":{"line":128,"column":7}},"46":{"start":{"line":127,"column":8},"end":{"line":127,"column":98}},"47":{"start":{"line":130,"column":6},"end":{"line":130,"column":49}},"48":{"start":{"line":141,"column":0},"end":{"line":141,"column":24}}},"branchMap":{"1":{"line":29,"type":"cond-expr","locations":[{"start":{"line":29,"column":53},"end":{"line":29,"column":57}},{"start":{"line":29,"column":62},"end":{"line":29,"column":67}}]},"2":{"line":48,"type":"if","locations":[{"start":{"line":48,"column":4},"end":{"line":48,"column":4}},{"start":{"line":48,"column":4},"end":{"line":48,"column":4}}]},"3":{"line":80,"type":"if","locations":[{"start":{"line":80,"column":4},"end":{"line":80,"column":4}},{"start":{"line":80,"column":4},"end":{"line":80,"column":4}}]},"4":{"line":107,"type":"if","locations":[{"start":{"line":107,"column":4},"end":{"line":107,"column":4}},{"start":{"line":107,"column":4},"end":{"line":107,"column":4}}]},"5":{"line":108,"type":"if","locations":[{"start":{"line":108,"column":6},"end":{"line":108,"column":6}},{"start":{"line":108,"column":6},"end":{"line":108,"column":6}}]},"6":{"line":115,"type":"if","locations":[{"start":{"line":115,"column":6},"end":{"line":115,"column":6}},{"start":{"line":115,"column":6},"end":{"line":115,"column":6}}]},"7":{"line":118,"type":"if","locations":[{"start":{"line":118,"column":6},"end":{"line":118,"column":6}},{"start":{"line":118,"column":6},"end":{"line":118,"column":6}}]},"8":{"line":126,"type":"if","locations":[{"start":{"line":126,"column":6},"end":{"line":126,"column":6}},{"start":{"line":126,"column":6},"end":{"line":126,"column":6}}]},"9":{"line":126,"type":"binary-expr","locations":[{"start":{"line":126,"column":9},"end":{"line":126,"column":24}},{"start":{"line":126,"column":28},"end":{"line":126,"column":57}}]}}}}