{"/Users/advanderveer/Documents/Personal/Javascript/station.js/ticket.js/src/resolver.js":{"path":"/Users/advanderveer/Documents/Personal/Javascript/station.js/ticket.js/src/resolver.js","s":{"1":1,"2":12,"3":12,"4":5,"5":12,"6":4,"7":1,"8":3,"9":12,"10":5,"11":1},"b":{"1":[1,3]},"f":{"1":12,"2":5,"3":4,"4":5},"fnMap":{"1":{"name":"Resolver","line":1,"loc":{"start":{"line":1,"column":15},"end":{"line":1,"column":35}}},"2":{"name":"getScope","line":12,"loc":{"start":{"line":12,"column":18},"end":{"line":12,"column":45}}},"3":{"name":"getFunction","line":23,"loc":{"start":{"line":23,"column":21},"end":{"line":23,"column":51}}},"4":{"name":"getArguments","line":39,"loc":{"start":{"line":39,"column":22},"end":{"line":39,"column":53}}}},"statementMap":{"1":{"start":{"line":1,"column":0},"end":{"line":43,"column":2}},"2":{"start":{"line":2,"column":2},"end":{"line":2,"column":18}},"3":{"start":{"line":12,"column":2},"end":{"line":14,"column":4}},"4":{"start":{"line":13,"column":4},"end":{"line":13,"column":19}},"5":{"start":{"line":23,"column":2},"end":{"line":30,"column":4}},"6":{"start":{"line":25,"column":4},"end":{"line":27,"column":5}},"7":{"start":{"line":26,"column":6},"end":{"line":26,"column":49}},"8":{"start":{"line":29,"column":4},"end":{"line":29,"column":17}},"9":{"start":{"line":39,"column":2},"end":{"line":41,"column":4}},"10":{"start":{"line":40,"column":4},"end":{"line":40,"column":14}},"11":{"start":{"line":45,"column":0},"end":{"line":45,"column":26}}},"branchMap":{"1":{"line":25,"type":"if","locations":[{"start":{"line":25,"column":4},"end":{"line":25,"column":4}},{"start":{"line":25,"column":4},"end":{"line":25,"column":4}}]}}},"/Users/advanderveer/Documents/Personal/Javascript/station.js/ticket.js/src/transit.js":{"path":"/Users/advanderveer/Documents/Personal/Javascript/station.js/ticket.js/src/transit.js","s":{"1":1,"2":1,"3":22,"4":22,"5":22,"6":22,"7":22,"8":22,"9":6,"10":1,"11":22,"12":10,"13":22,"14":22,"15":22,"16":22,"17":22,"18":22,"19":22,"20":22,"21":22,"22":1,"23":22,"24":1,"25":2,"26":22,"27":5,"28":22,"29":1,"30":22,"31":14,"32":22,"33":7,"34":3,"35":4,"36":22,"37":6,"38":22,"39":9,"40":22,"41":7,"42":22,"43":4,"44":4,"45":22,"46":4,"47":1,"48":3,"49":3,"50":22,"51":12,"52":12,"53":1,"54":1,"55":11,"56":1,"57":1,"58":10,"59":2,"60":8,"61":1,"62":7,"63":1,"64":6,"65":6,"66":6,"67":1,"68":6,"69":22,"70":7,"71":7,"72":7,"73":7,"74":1,"75":6,"76":5,"77":1,"78":3,"79":1,"80":2,"81":2,"82":1,"83":2,"84":2,"85":1,"86":2,"87":2,"88":1},"b":{"1":[2,20],"2":[3,4],"3":[1,3],"4":[1,11],"5":[1,10],"6":[2,8],"7":[1,7],"8":[1,6],"9":[1,5],"10":[1,6],"11":[5,1],"12":[6,5],"13":[1,2],"14":[1,1]},"f":{"1":22,"2":6,"3":1,"4":10,"5":1,"6":1,"7":2,"8":5,"9":1,"10":14,"11":7,"12":6,"13":9,"14":7,"15":4,"16":4,"17":12,"18":7,"19":3,"20":2},"fnMap":{"1":{"name":"Transit","line":10,"loc":{"start":{"line":10,"column":14},"end":{"line":10,"column":53}}},"2":{"name":"startTimeout","line":26,"loc":{"start":{"line":26,"column":22},"end":{"line":26,"column":46}}},"3":{"name":"(anonymous_3)","line":27,"loc":{"start":{"line":27,"column":23},"end":{"line":27,"column":33}}},"4":{"name":"stopTimeout","line":35,"loc":{"start":{"line":35,"column":21},"end":{"line":35,"column":44}}},"5":{"name":"setAttributes","line":94,"loc":{"start":{"line":94,"column":23},"end":{"line":94,"column":53}}},"6":{"name":"addAttributes","line":104,"loc":{"start":{"line":104,"column":23},"end":{"line":104,"column":53}}},"7":{"name":"(anonymous_7)","line":105,"loc":{"start":{"line":105,"column":31},"end":{"line":105,"column":44}}},"8":{"name":"setAttribute","line":117,"loc":{"start":{"line":117,"column":22},"end":{"line":117,"column":54}}},"9":{"name":"getAttributes","line":127,"loc":{"start":{"line":127,"column":23},"end":{"line":127,"column":48}}},"10":{"name":"getAttribute","line":138,"loc":{"start":{"line":138,"column":22},"end":{"line":138,"column":49}}},"11":{"name":"hasAttribute","line":149,"loc":{"start":{"line":149,"column":22},"end":{"line":149,"column":49}}},"12":{"name":"setScope","line":162,"loc":{"start":{"line":162,"column":18},"end":{"line":162,"column":43}}},"13":{"name":"setFunction","line":173,"loc":{"start":{"line":173,"column":21},"end":{"line":173,"column":46}}},"14":{"name":"setArguments","line":183,"loc":{"start":{"line":183,"column":22},"end":{"line":183,"column":50}}},"15":{"name":"deconstruct","line":194,"loc":{"start":{"line":194,"column":21},"end":{"line":194,"column":44}}},"16":{"name":"construct","line":208,"loc":{"start":{"line":208,"column":19},"end":{"line":208,"column":40}}},"17":{"name":"run","line":224,"loc":{"start":{"line":224,"column":13},"end":{"line":224,"column":28}}},"18":{"name":"render","line":267,"loc":{"start":{"line":267,"column":16},"end":{"line":267,"column":40}}},"19":{"name":"(anonymous_19)","line":292,"loc":{"start":{"line":292,"column":26},"end":{"line":292,"column":47}}},"20":{"name":"(anonymous_20)","line":313,"loc":{"start":{"line":313,"column":24},"end":{"line":313,"column":52}}}},"statementMap":{"1":{"start":{"line":2,"column":0},"end":{"line":2,"column":34}},"2":{"start":{"line":10,"column":0},"end":{"line":283,"column":2}},"3":{"start":{"line":11,"column":2},"end":{"line":11,"column":18}},"4":{"start":{"line":12,"column":2},"end":{"line":12,"column":36}},"5":{"start":{"line":13,"column":2},"end":{"line":13,"column":22}},"6":{"start":{"line":14,"column":2},"end":{"line":14,"column":12}},"7":{"start":{"line":21,"column":2},"end":{"line":21,"column":33}},"8":{"start":{"line":26,"column":2},"end":{"line":30,"column":4}},"9":{"start":{"line":27,"column":4},"end":{"line":29,"column":32}},"10":{"start":{"line":28,"column":6},"end":{"line":28,"column":178}},"11":{"start":{"line":35,"column":2},"end":{"line":37,"column":4}},"12":{"start":{"line":36,"column":4},"end":{"line":36,"column":24}},"13":{"start":{"line":43,"column":2},"end":{"line":43,"column":17}},"14":{"start":{"line":49,"column":2},"end":{"line":49,"column":77}},"15":{"start":{"line":55,"column":2},"end":{"line":55,"column":20}},"16":{"start":{"line":61,"column":2},"end":{"line":61,"column":22}},"17":{"start":{"line":67,"column":2},"end":{"line":67,"column":18}},"18":{"start":{"line":73,"column":2},"end":{"line":73,"column":22}},"19":{"start":{"line":79,"column":2},"end":{"line":79,"column":24}},"20":{"start":{"line":85,"column":2},"end":{"line":85,"column":24}},"21":{"start":{"line":94,"column":2},"end":{"line":96,"column":4}},"22":{"start":{"line":95,"column":4},"end":{"line":95,"column":23}},"23":{"start":{"line":104,"column":2},"end":{"line":108,"column":4}},"24":{"start":{"line":105,"column":4},"end":{"line":107,"column":7}},"25":{"start":{"line":106,"column":6},"end":{"line":106,"column":35}},"26":{"start":{"line":117,"column":2},"end":{"line":119,"column":4}},"27":{"start":{"line":118,"column":4},"end":{"line":118,"column":26}},"28":{"start":{"line":127,"column":2},"end":{"line":129,"column":4}},"29":{"start":{"line":128,"column":4},"end":{"line":128,"column":22}},"30":{"start":{"line":138,"column":2},"end":{"line":140,"column":4}},"31":{"start":{"line":139,"column":4},"end":{"line":139,"column":27}},"32":{"start":{"line":149,"column":2},"end":{"line":154,"column":4}},"33":{"start":{"line":150,"column":4},"end":{"line":152,"column":5}},"34":{"start":{"line":151,"column":6},"end":{"line":151,"column":19}},"35":{"start":{"line":153,"column":4},"end":{"line":153,"column":16}},"36":{"start":{"line":162,"column":2},"end":{"line":164,"column":4}},"37":{"start":{"line":163,"column":4},"end":{"line":163,"column":23}},"38":{"start":{"line":173,"column":2},"end":{"line":175,"column":4}},"39":{"start":{"line":174,"column":4},"end":{"line":174,"column":17}},"40":{"start":{"line":183,"column":2},"end":{"line":185,"column":4}},"41":{"start":{"line":184,"column":4},"end":{"line":184,"column":26}},"42":{"start":{"line":194,"column":2},"end":{"line":198,"column":4}},"43":{"start":{"line":196,"column":4},"end":{"line":196,"column":17}},"44":{"start":{"line":197,"column":4},"end":{"line":197,"column":28}},"45":{"start":{"line":208,"column":2},"end":{"line":215,"column":4}},"46":{"start":{"line":210,"column":4},"end":{"line":211,"column":96}},"47":{"start":{"line":211,"column":6},"end":{"line":211,"column":96}},"48":{"start":{"line":213,"column":4},"end":{"line":213,"column":17}},"49":{"start":{"line":214,"column":4},"end":{"line":214,"column":28}},"50":{"start":{"line":224,"column":2},"end":{"line":258,"column":4}},"51":{"start":{"line":226,"column":4},"end":{"line":226,"column":32}},"52":{"start":{"line":227,"column":4},"end":{"line":230,"column":5}},"53":{"start":{"line":228,"column":6},"end":{"line":228,"column":33}},"54":{"start":{"line":229,"column":6},"end":{"line":229,"column":15}},"55":{"start":{"line":232,"column":4},"end":{"line":235,"column":5}},"56":{"start":{"line":233,"column":6},"end":{"line":233,"column":31}},"57":{"start":{"line":234,"column":6},"end":{"line":234,"column":15}},"58":{"start":{"line":237,"column":4},"end":{"line":239,"column":5}},"59":{"start":{"line":238,"column":6},"end":{"line":238,"column":124}},"60":{"start":{"line":241,"column":4},"end":{"line":243,"column":5}},"61":{"start":{"line":242,"column":6},"end":{"line":242,"column":105}},"62":{"start":{"line":245,"column":4},"end":{"line":247,"column":5}},"63":{"start":{"line":246,"column":6},"end":{"line":246,"column":98}},"64":{"start":{"line":250,"column":4},"end":{"line":250,"column":24}},"65":{"start":{"line":251,"column":4},"end":{"line":251,"column":48}},"66":{"start":{"line":252,"column":4},"end":{"line":254,"column":5}},"67":{"start":{"line":253,"column":6},"end":{"line":253,"column":23}},"68":{"start":{"line":256,"column":4},"end":{"line":256,"column":13}},"69":{"start":{"line":267,"column":2},"end":{"line":281,"column":4}},"70":{"start":{"line":268,"column":4},"end":{"line":268,"column":32}},"71":{"start":{"line":269,"column":4},"end":{"line":269,"column":25}},"72":{"start":{"line":270,"column":4},"end":{"line":270,"column":23}},"73":{"start":{"line":272,"column":4},"end":{"line":274,"column":5}},"74":{"start":{"line":273,"column":6},"end":{"line":273,"column":88}},"75":{"start":{"line":277,"column":4},"end":{"line":279,"column":5}},"76":{"start":{"line":278,"column":6},"end":{"line":278,"column":29}},"77":{"start":{"line":292,"column":0},"end":{"line":304,"column":2}},"78":{"start":{"line":294,"column":2},"end":{"line":295,"column":118}},"79":{"start":{"line":295,"column":4},"end":{"line":295,"column":118}},"80":{"start":{"line":297,"column":2},"end":{"line":297,"column":49}},"81":{"start":{"line":298,"column":2},"end":{"line":300,"column":3}},"82":{"start":{"line":299,"column":4},"end":{"line":299,"column":44}},"83":{"start":{"line":302,"column":2},"end":{"line":302,"column":36}},"84":{"start":{"line":303,"column":2},"end":{"line":303,"column":11}},"85":{"start":{"line":313,"column":0},"end":{"line":317,"column":2}},"86":{"start":{"line":314,"column":2},"end":{"line":314,"column":52}},"87":{"start":{"line":316,"column":2},"end":{"line":316,"column":11}},"88":{"start":{"line":321,"column":0},"end":{"line":321,"column":25}}},"branchMap":{"1":{"line":49,"type":"cond-expr","locations":[{"start":{"line":49,"column":48},"end":{"line":49,"column":68}},{"start":{"line":49,"column":71},"end":{"line":49,"column":76}}]},"2":{"line":150,"type":"if","locations":[{"start":{"line":150,"column":4},"end":{"line":150,"column":4}},{"start":{"line":150,"column":4},"end":{"line":150,"column":4}}]},"3":{"line":210,"type":"if","locations":[{"start":{"line":210,"column":4},"end":{"line":210,"column":4}},{"start":{"line":210,"column":4},"end":{"line":210,"column":4}}]},"4":{"line":227,"type":"if","locations":[{"start":{"line":227,"column":4},"end":{"line":227,"column":4}},{"start":{"line":227,"column":4},"end":{"line":227,"column":4}}]},"5":{"line":232,"type":"if","locations":[{"start":{"line":232,"column":4},"end":{"line":232,"column":4}},{"start":{"line":232,"column":4},"end":{"line":232,"column":4}}]},"6":{"line":237,"type":"if","locations":[{"start":{"line":237,"column":4},"end":{"line":237,"column":4}},{"start":{"line":237,"column":4},"end":{"line":237,"column":4}}]},"7":{"line":241,"type":"if","locations":[{"start":{"line":241,"column":4},"end":{"line":241,"column":4}},{"start":{"line":241,"column":4},"end":{"line":241,"column":4}}]},"8":{"line":245,"type":"if","locations":[{"start":{"line":245,"column":4},"end":{"line":245,"column":4}},{"start":{"line":245,"column":4},"end":{"line":245,"column":4}}]},"9":{"line":252,"type":"if","locations":[{"start":{"line":252,"column":4},"end":{"line":252,"column":4}},{"start":{"line":252,"column":4},"end":{"line":252,"column":4}}]},"10":{"line":272,"type":"if","locations":[{"start":{"line":272,"column":4},"end":{"line":272,"column":4}},{"start":{"line":272,"column":4},"end":{"line":272,"column":4}}]},"11":{"line":277,"type":"if","locations":[{"start":{"line":277,"column":4},"end":{"line":277,"column":4}},{"start":{"line":277,"column":4},"end":{"line":277,"column":4}}]},"12":{"line":277,"type":"binary-expr","locations":[{"start":{"line":277,"column":7},"end":{"line":277,"column":33}},{"start":{"line":277,"column":37},"end":{"line":277,"column":65}}]},"13":{"line":294,"type":"if","locations":[{"start":{"line":294,"column":2},"end":{"line":294,"column":2}},{"start":{"line":294,"column":2},"end":{"line":294,"column":2}}]},"14":{"line":298,"type":"if","locations":[{"start":{"line":298,"column":2},"end":{"line":298,"column":2}},{"start":{"line":298,"column":2},"end":{"line":298,"column":2}}]}}},"/Users/advanderveer/Documents/Personal/Javascript/station.js/ticket.js/src/state.js":{"path":"/Users/advanderveer/Documents/Personal/Javascript/station.js/ticket.js/src/state.js","s":{"1":1,"2":7,"3":7,"4":1},"b":{},"f":{"1":7},"fnMap":{"1":{"name":"State","line":1,"loc":{"start":{"line":1,"column":12},"end":{"line":1,"column":36}}}},"statementMap":{"1":{"start":{"line":1,"column":0},"end":{"line":10,"column":2}},"2":{"start":{"line":2,"column":2},"end":{"line":2,"column":18}},"3":{"start":{"line":8,"column":2},"end":{"line":8,"column":25}},"4":{"start":{"line":12,"column":0},"end":{"line":12,"column":23}}},"branchMap":{}},"/Users/advanderveer/Documents/Personal/Javascript/station.js/ticket.js/src/ticket.js":{"path":"/Users/advanderveer/Documents/Personal/Javascript/station.js/ticket.js/src/ticket.js","s":{"1":1,"2":1,"3":22,"4":22,"5":22,"6":17,"7":22,"8":5,"9":5,"10":5,"11":5,"12":5,"13":3,"14":5,"15":5,"16":2,"17":2,"18":4,"19":4,"20":2,"21":4,"22":22,"23":2,"24":1,"25":1,"26":1,"27":1,"28":1,"29":1,"30":1,"31":1,"32":2,"33":22,"34":13,"35":8,"36":2,"37":6,"38":6,"39":6,"40":2,"41":4,"42":2,"43":2,"44":5,"45":5,"46":2,"47":3,"48":1},"b":{"1":[10,7],"2":[3,2],"3":[1,1],"4":[8,5],"5":[2,6],"6":[2,4],"7":[2,2],"8":[2,3],"9":[5,4]},"f":{"1":22,"2":17,"3":5,"4":2,"5":2,"6":2,"7":1,"8":1,"9":13},"fnMap":{"1":{"name":"Ticket","line":11,"loc":{"start":{"line":11,"column":13},"end":{"line":11,"column":66}}},"2":{"name":"isServer","line":28,"loc":{"start":{"line":28,"column":18},"end":{"line":28,"column":38}}},"3":{"name":"handle","line":39,"loc":{"start":{"line":39,"column":16},"end":{"line":39,"column":41}}},"4":{"name":"(anonymous_4)","line":55,"loc":{"start":{"line":55,"column":41},"end":{"line":55,"column":54}}},"5":{"name":"(anonymous_5)","line":66,"loc":{"start":{"line":66,"column":15},"end":{"line":66,"column":25}}},"6":{"name":"install","line":79,"loc":{"start":{"line":79,"column":17},"end":{"line":79,"column":36}}},"7":{"name":"(anonymous_7)","line":81,"loc":{"start":{"line":81,"column":23},"end":{"line":81,"column":47}}},"8":{"name":"(anonymous_8)","line":89,"loc":{"start":{"line":89,"column":38},"end":{"line":89,"column":50}}},"9":{"name":"normalize","line":105,"loc":{"start":{"line":105,"column":19},"end":{"line":105,"column":40}}}},"statementMap":{"1":{"start":{"line":1,"column":0},"end":{"line":1,"column":38}},"2":{"start":{"line":11,"column":0},"end":{"line":139,"column":2}},"3":{"start":{"line":12,"column":2},"end":{"line":12,"column":18}},"4":{"start":{"line":20,"column":2},"end":{"line":20,"column":25}},"5":{"start":{"line":28,"column":2},"end":{"line":30,"column":4}},"6":{"start":{"line":29,"column":4},"end":{"line":29,"column":70}},"7":{"start":{"line":39,"column":2},"end":{"line":71,"column":4}},"8":{"start":{"line":41,"column":4},"end":{"line":41,"column":43}},"9":{"start":{"line":44,"column":4},"end":{"line":44,"column":46}},"10":{"start":{"line":46,"column":4},"end":{"line":46,"column":51}},"11":{"start":{"line":47,"column":4},"end":{"line":47,"column":59}},"12":{"start":{"line":48,"column":4},"end":{"line":49,"column":59}},"13":{"start":{"line":49,"column":6},"end":{"line":49,"column":59}},"14":{"start":{"line":52,"column":4},"end":{"line":52,"column":48}},"15":{"start":{"line":55,"column":4},"end":{"line":62,"column":7}},"16":{"start":{"line":58,"column":6},"end":{"line":58,"column":44}},"17":{"start":{"line":61,"column":6},"end":{"line":61,"column":33}},"18":{"start":{"line":65,"column":4},"end":{"line":65,"column":58}},"19":{"start":{"line":66,"column":4},"end":{"line":68,"column":7}},"20":{"start":{"line":67,"column":6},"end":{"line":67,"column":43}},"21":{"start":{"line":70,"column":4},"end":{"line":70,"column":17}},"22":{"start":{"line":79,"column":2},"end":{"line":95,"column":4}},"23":{"start":{"line":80,"column":4},"end":{"line":92,"column":5}},"24":{"start":{"line":81,"column":6},"end":{"line":87,"column":9}},"25":{"start":{"line":82,"column":8},"end":{"line":82,"column":41}},"26":{"start":{"line":83,"column":8},"end":{"line":83,"column":36}},"27":{"start":{"line":84,"column":8},"end":{"line":84,"column":36}},"28":{"start":{"line":85,"column":8},"end":{"line":85,"column":38}},"29":{"start":{"line":86,"column":8},"end":{"line":86,"column":23}},"30":{"start":{"line":89,"column":6},"end":{"line":91,"column":8}},"31":{"start":{"line":90,"column":8},"end":{"line":90,"column":41}},"32":{"start":{"line":94,"column":4},"end":{"line":94,"column":16}},"33":{"start":{"line":105,"column":2},"end":{"line":134,"column":4}},"34":{"start":{"line":107,"column":4},"end":{"line":132,"column":5}},"35":{"start":{"line":108,"column":6},"end":{"line":110,"column":7}},"36":{"start":{"line":109,"column":8},"end":{"line":109,"column":98}},"37":{"start":{"line":112,"column":6},"end":{"line":112,"column":29}},"38":{"start":{"line":113,"column":6},"end":{"line":113,"column":29}},"39":{"start":{"line":115,"column":6},"end":{"line":116,"column":121}},"40":{"start":{"line":116,"column":8},"end":{"line":116,"column":121}},"41":{"start":{"line":118,"column":6},"end":{"line":119,"column":128}},"42":{"start":{"line":119,"column":8},"end":{"line":119,"column":128}},"43":{"start":{"line":121,"column":6},"end":{"line":121,"column":54}},"44":{"start":{"line":125,"column":6},"end":{"line":125,"column":27}},"45":{"start":{"line":126,"column":6},"end":{"line":128,"column":7}},"46":{"start":{"line":127,"column":8},"end":{"line":127,"column":98}},"47":{"start":{"line":130,"column":6},"end":{"line":130,"column":49}},"48":{"start":{"line":141,"column":0},"end":{"line":141,"column":24}}},"branchMap":{"1":{"line":29,"type":"cond-expr","locations":[{"start":{"line":29,"column":53},"end":{"line":29,"column":57}},{"start":{"line":29,"column":62},"end":{"line":29,"column":67}}]},"2":{"line":48,"type":"if","locations":[{"start":{"line":48,"column":4},"end":{"line":48,"column":4}},{"start":{"line":48,"column":4},"end":{"line":48,"column":4}}]},"3":{"line":80,"type":"if","locations":[{"start":{"line":80,"column":4},"end":{"line":80,"column":4}},{"start":{"line":80,"column":4},"end":{"line":80,"column":4}}]},"4":{"line":107,"type":"if","locations":[{"start":{"line":107,"column":4},"end":{"line":107,"column":4}},{"start":{"line":107,"column":4},"end":{"line":107,"column":4}}]},"5":{"line":108,"type":"if","locations":[{"start":{"line":108,"column":6},"end":{"line":108,"column":6}},{"start":{"line":108,"column":6},"end":{"line":108,"column":6}}]},"6":{"line":115,"type":"if","locations":[{"start":{"line":115,"column":6},"end":{"line":115,"column":6}},{"start":{"line":115,"column":6},"end":{"line":115,"column":6}}]},"7":{"line":118,"type":"if","locations":[{"start":{"line":118,"column":6},"end":{"line":118,"column":6}},{"start":{"line":118,"column":6},"end":{"line":118,"column":6}}]},"8":{"line":126,"type":"if","locations":[{"start":{"line":126,"column":6},"end":{"line":126,"column":6}},{"start":{"line":126,"column":6},"end":{"line":126,"column":6}}]},"9":{"line":126,"type":"binary-expr","locations":[{"start":{"line":126,"column":9},"end":{"line":126,"column":24}},{"start":{"line":126,"column":28},"end":{"line":126,"column":57}}]}}}}