TN:
SF:/Users/advanderveer/Documents/Personal/Javascript/station.js/ticket.js/src/resolver.js
FN:1,Resolver
FN:12,getScope
FN:23,getFunction
FN:39,getArguments
FNF:4
FNH:4
FNDA:12,Resolver
FNDA:5,getScope
FNDA:4,getFunction
FNDA:5,getArguments
DA:1,1
DA:2,12
DA:12,12
DA:13,5
DA:23,12
DA:25,4
DA:26,1
DA:29,3
DA:39,12
DA:40,5
DA:45,1
LF:11
LH:11
BRDA:25,1,0,1
BRDA:25,1,1,3
BRF:2
BRH:2
end_of_record
TN:
SF:/Users/advanderveer/Documents/Personal/Javascript/station.js/ticket.js/src/transit.js
FN:10,Transit
FN:26,startTimeout
FN:27,(anonymous_3)
FN:35,stopTimeout
FN:94,setAttributes
FN:105,setAttribute
FN:116,getAttribute
FN:127,hasAttribute
FN:140,setScope
FN:151,setFunction
FN:161,setArguments
FN:172,deconstruct
FN:186,construct
FN:202,run
FN:245,render
FN:270,(anonymous_16)
FN:291,(anonymous_17)
FNF:17
FNH:16
FNDA:21,Transit
FNDA:5,startTimeout
FNDA:0,(anonymous_3)
FNDA:10,stopTimeout
FNDA:1,setAttributes
FNDA:5,setAttribute
FNDA:11,getAttribute
FNDA:7,hasAttribute
FNDA:6,setScope
FNDA:9,setFunction
FNDA:7,setArguments
FNDA:4,deconstruct
FNDA:4,construct
FNDA:11,run
FNDA:7,render
FNDA:3,(anonymous_16)
FNDA:2,(anonymous_17)
DA:2,1
DA:10,1
DA:11,21
DA:12,21
DA:13,21
DA:14,21
DA:21,21
DA:26,21
DA:27,5
DA:28,0
DA:35,21
DA:36,10
DA:43,21
DA:49,21
DA:55,21
DA:61,21
DA:67,21
DA:73,21
DA:79,21
DA:85,21
DA:94,21
DA:95,1
DA:105,21
DA:106,5
DA:116,21
DA:117,11
DA:127,21
DA:128,7
DA:129,3
DA:131,4
DA:140,21
DA:141,6
DA:151,21
DA:152,9
DA:161,21
DA:162,7
DA:172,21
DA:174,4
DA:175,4
DA:186,21
DA:188,4
DA:189,1
DA:191,3
DA:192,3
DA:202,21
DA:204,11
DA:205,11
DA:206,1
DA:207,1
DA:210,10
DA:211,1
DA:212,1
DA:215,9
DA:216,2
DA:219,7
DA:220,1
DA:223,6
DA:224,1
DA:228,5
DA:229,5
DA:230,5
DA:231,1
DA:234,5
DA:245,21
DA:246,7
DA:247,7
DA:248,7
DA:250,7
DA:251,1
DA:255,6
DA:256,5
DA:270,1
DA:272,3
DA:273,1
DA:275,2
DA:276,2
DA:277,1
DA:280,2
DA:281,2
DA:291,1
DA:292,2
DA:294,2
DA:299,1
LF:83
LH:82
BRDA:49,1,0,2
BRDA:49,1,1,19
BRDA:128,2,0,3
BRDA:128,2,1,4
BRDA:188,3,0,1
BRDA:188,3,1,3
BRDA:205,4,0,1
BRDA:205,4,1,10
BRDA:210,5,0,1
BRDA:210,5,1,9
BRDA:215,6,0,2
BRDA:215,6,1,7
BRDA:219,7,0,1
BRDA:219,7,1,6
BRDA:223,8,0,1
BRDA:223,8,1,5
BRDA:230,9,0,1
BRDA:230,9,1,4
BRDA:250,10,0,1
BRDA:250,10,1,6
BRDA:255,11,0,5
BRDA:255,11,1,1
BRDA:255,12,0,6
BRDA:255,12,1,5
BRDA:272,13,0,1
BRDA:272,13,1,2
BRDA:276,14,0,1
BRDA:276,14,1,1
BRF:28
BRH:28
end_of_record
TN:
SF:/Users/advanderveer/Documents/Personal/Javascript/station.js/ticket.js/src/state.js
FN:1,State
FNF:1
FNH:1
FNDA:7,State
DA:1,1
DA:2,7
DA:8,7
DA:12,1
LF:4
LH:4
BRF:0
BRH:0
end_of_record
TN:
SF:/Users/advanderveer/Documents/Personal/Javascript/station.js/ticket.js/src/ticket.js
FN:11,Ticket
FN:28,isServer
FN:39,handle
FN:55,(anonymous_4)
FN:66,(anonymous_5)
FN:79,install
FN:81,(anonymous_7)
FN:89,(anonymous_8)
FN:105,normalize
FNF:9
FNH:9
FNDA:22,Ticket
FNDA:17,isServer
FNDA:5,handle
FNDA:2,(anonymous_4)
FNDA:2,(anonymous_5)
FNDA:2,install
FNDA:1,(anonymous_7)
FNDA:1,(anonymous_8)
FNDA:13,normalize
DA:1,1
DA:11,1
DA:12,22
DA:20,22
DA:28,22
DA:29,17
DA:39,22
DA:41,5
DA:44,5
DA:46,5
DA:47,5
DA:48,5
DA:49,3
DA:52,5
DA:55,5
DA:58,2
DA:61,2
DA:65,4
DA:66,4
DA:67,2
DA:70,4
DA:79,22
DA:80,2
DA:81,1
DA:82,1
DA:83,1
DA:84,1
DA:85,1
DA:86,1
DA:89,1
DA:90,1
DA:94,2
DA:105,22
DA:107,13
DA:108,8
DA:109,2
DA:112,6
DA:113,6
DA:115,6
DA:116,2
DA:118,4
DA:119,2
DA:121,2
DA:125,5
DA:126,5
DA:127,2
DA:130,3
DA:141,1
LF:48
LH:48
BRDA:29,1,0,10
BRDA:29,1,1,7
BRDA:48,2,0,3
BRDA:48,2,1,2
BRDA:80,3,0,1
BRDA:80,3,1,1
BRDA:107,4,0,8
BRDA:107,4,1,5
BRDA:108,5,0,2
BRDA:108,5,1,6
BRDA:115,6,0,2
BRDA:115,6,1,4
BRDA:118,7,0,2
BRDA:118,7,1,2
BRDA:126,8,0,2
BRDA:126,8,1,3
BRDA:126,9,0,5
BRDA:126,9,1,4
BRF:18
BRH:18
end_of_record
