TN:
SF:/Users/advanderveer/Documents/Personal/Javascript/station.js/ticket.js/src/resolver.js
FN:1,Resolver
FN:12,getScope
FN:23,getFunction
FN:39,getArguments
FNF:4
FNH:4
FNDA:12,Resolver
FNDA:5,getScope
FNDA:4,getFunction
FNDA:5,getArguments
DA:1,1
DA:2,12
DA:12,12
DA:13,5
DA:23,12
DA:25,4
DA:26,1
DA:29,3
DA:39,12
DA:40,5
DA:45,1
LF:11
LH:11
BRDA:25,1,0,1
BRDA:25,1,1,3
BRF:2
BRH:2
end_of_record
TN:
SF:/Users/advanderveer/Documents/Personal/Javascript/station.js/ticket.js/src/transit.js
FN:10,Transit
FN:70,setAttributes
FN:81,setAttribute
FN:92,getAttribute
FN:103,hasAttribute
FN:116,setScope
FN:127,setFunction
FN:137,setArguments
FN:148,deconstruct
FN:162,construct
FN:178,run
FN:220,render
FN:244,(anonymous_13)
FN:265,(anonymous_14)
FNF:14
FNH:14
FNDA:21,Transit
FNDA:1,setAttributes
FNDA:5,setAttribute
FNDA:11,getAttribute
FNDA:7,hasAttribute
FNDA:6,setScope
FNDA:9,setFunction
FNDA:7,setArguments
FNDA:4,deconstruct
FNDA:4,construct
FNDA:11,run
FNDA:7,render
FNDA:3,(anonymous_13)
FNDA:2,(anonymous_14)
DA:1,1
DA:2,1
DA:10,1
DA:11,21
DA:12,21
DA:13,21
DA:19,21
DA:25,21
DA:31,21
DA:37,21
DA:43,21
DA:49,21
DA:55,21
DA:61,21
DA:70,21
DA:71,1
DA:81,21
DA:82,5
DA:92,21
DA:93,11
DA:103,21
DA:104,7
DA:105,3
DA:107,4
DA:116,21
DA:117,6
DA:127,21
DA:128,9
DA:137,21
DA:138,7
DA:148,21
DA:150,4
DA:151,4
DA:162,21
DA:164,4
DA:165,1
DA:167,3
DA:168,3
DA:178,21
DA:180,11
DA:181,11
DA:182,1
DA:183,1
DA:186,10
DA:187,1
DA:188,1
DA:191,9
DA:192,2
DA:195,7
DA:196,1
DA:199,6
DA:200,1
DA:204,5
DA:205,5
DA:206,1
DA:209,5
DA:220,21
DA:221,7
DA:222,7
DA:224,7
DA:225,1
DA:229,6
DA:230,5
DA:244,1
DA:246,3
DA:247,1
DA:249,2
DA:250,2
DA:251,1
DA:254,2
DA:255,2
DA:265,1
DA:266,2
DA:268,2
DA:273,1
LF:75
LH:75
BRDA:25,1,0,2
BRDA:25,1,1,19
BRDA:104,2,0,3
BRDA:104,2,1,4
BRDA:164,3,0,1
BRDA:164,3,1,3
BRDA:181,4,0,1
BRDA:181,4,1,10
BRDA:186,5,0,1
BRDA:186,5,1,9
BRDA:191,6,0,2
BRDA:191,6,1,7
BRDA:195,7,0,1
BRDA:195,7,1,6
BRDA:199,8,0,1
BRDA:199,8,1,5
BRDA:205,9,0,1
BRDA:205,9,1,4
BRDA:224,10,0,1
BRDA:224,10,1,6
BRDA:229,11,0,5
BRDA:229,11,1,1
BRDA:229,12,0,6
BRDA:229,12,1,5
BRDA:246,13,0,1
BRDA:246,13,1,2
BRDA:250,14,0,1
BRDA:250,14,1,1
BRF:28
BRH:28
end_of_record
TN:
SF:/Users/advanderveer/Documents/Personal/Javascript/station.js/ticket.js/src/state.js
FN:1,State
FNF:1
FNH:1
FNDA:7,State
DA:1,1
DA:2,7
DA:8,7
DA:12,1
LF:4
LH:4
BRF:0
BRH:0
end_of_record
TN:
SF:/Users/advanderveer/Documents/Personal/Javascript/station.js/ticket.js/src/ticket.js
FN:11,Ticket
FN:28,isServer
FN:39,handle
FN:55,(anonymous_4)
FN:66,(anonymous_5)
FN:79,install
FN:81,(anonymous_7)
FN:89,(anonymous_8)
FN:105,normalize
FNF:9
FNH:9
FNDA:22,Ticket
FNDA:17,isServer
FNDA:5,handle
FNDA:2,(anonymous_4)
FNDA:2,(anonymous_5)
FNDA:2,install
FNDA:1,(anonymous_7)
FNDA:1,(anonymous_8)
FNDA:13,normalize
DA:1,1
DA:2,1
DA:11,1
DA:12,22
DA:20,22
DA:28,22
DA:29,17
DA:39,22
DA:41,5
DA:44,5
DA:46,5
DA:47,5
DA:48,5
DA:49,3
DA:52,5
DA:55,5
DA:58,2
DA:61,2
DA:65,4
DA:66,4
DA:67,2
DA:70,4
DA:79,22
DA:80,2
DA:81,1
DA:82,1
DA:83,1
DA:84,1
DA:85,1
DA:86,1
DA:89,1
DA:90,1
DA:94,2
DA:105,22
DA:107,13
DA:108,8
DA:109,2
DA:112,6
DA:113,6
DA:115,6
DA:116,2
DA:118,4
DA:119,2
DA:121,2
DA:125,5
DA:126,5
DA:127,2
DA:130,3
DA:141,1
LF:49
LH:49
BRDA:29,1,0,10
BRDA:29,1,1,7
BRDA:48,2,0,3
BRDA:48,2,1,2
BRDA:80,3,0,1
BRDA:80,3,1,1
BRDA:107,4,0,8
BRDA:107,4,1,5
BRDA:108,5,0,2
BRDA:108,5,1,6
BRDA:115,6,0,2
BRDA:115,6,1,4
BRDA:118,7,0,2
BRDA:118,7,1,2
BRDA:126,8,0,2
BRDA:126,8,1,3
BRDA:126,9,0,5
BRDA:126,9,1,4
BRF:18
BRH:18
end_of_record
