{"/Users/advanderveer/Documents/Personal/Javascript/station.js/ticket.js/src/resolver.js":{"path":"/Users/advanderveer/Documents/Personal/Javascript/station.js/ticket.js/src/resolver.js","s":{"1":1,"2":13,"3":13,"4":4,"5":13,"6":5,"7":1,"8":4,"9":13,"10":4,"11":1},"b":{"1":[1,4]},"f":{"1":13,"2":4,"3":5,"4":4},"fnMap":{"1":{"name":"Resolver","line":1,"loc":{"start":{"line":1,"column":15},"end":{"line":1,"column":35}}},"2":{"name":"getScope","line":12,"loc":{"start":{"line":12,"column":18},"end":{"line":12,"column":45}}},"3":{"name":"getFunction","line":23,"loc":{"start":{"line":23,"column":21},"end":{"line":23,"column":51}}},"4":{"name":"getArguments","line":39,"loc":{"start":{"line":39,"column":22},"end":{"line":39,"column":53}}}},"statementMap":{"1":{"start":{"line":1,"column":0},"end":{"line":43,"column":2}},"2":{"start":{"line":2,"column":2},"end":{"line":2,"column":18}},"3":{"start":{"line":12,"column":2},"end":{"line":14,"column":4}},"4":{"start":{"line":13,"column":4},"end":{"line":13,"column":19}},"5":{"start":{"line":23,"column":2},"end":{"line":30,"column":4}},"6":{"start":{"line":25,"column":4},"end":{"line":27,"column":5}},"7":{"start":{"line":26,"column":6},"end":{"line":26,"column":49}},"8":{"start":{"line":29,"column":4},"end":{"line":29,"column":17}},"9":{"start":{"line":39,"column":2},"end":{"line":41,"column":4}},"10":{"start":{"line":40,"column":4},"end":{"line":40,"column":14}},"11":{"start":{"line":45,"column":0},"end":{"line":45,"column":26}}},"branchMap":{"1":{"line":25,"type":"if","locations":[{"start":{"line":25,"column":4},"end":{"line":25,"column":4}},{"start":{"line":25,"column":4},"end":{"line":25,"column":4}}]}}},"/Users/advanderveer/Documents/Personal/Javascript/station.js/ticket.js/src/transit.js":{"path":"/Users/advanderveer/Documents/Personal/Javascript/station.js/ticket.js/src/transit.js","s":{"1":1,"2":1,"3":1,"4":25,"5":25,"6":25,"7":25,"8":25,"9":25,"10":25,"11":25,"12":25,"13":25,"14":42,"15":42,"16":25,"17":17,"18":17,"19":17,"20":17,"21":25,"22":1,"23":1,"24":25,"25":2,"26":2,"27":2,"28":2,"29":2,"30":25,"31":2,"32":1,"33":1,"34":25,"35":7,"36":7,"37":7,"38":1,"39":1,"40":6,"41":1,"42":1,"43":5,"44":1,"45":4,"46":1,"47":3,"48":1,"49":2,"50":2,"51":2,"52":2,"53":1,"54":2,"55":25,"56":6,"57":6,"58":6,"59":6,"60":1,"61":5,"62":4,"63":25,"64":1,"65":25,"66":1,"67":2,"68":25,"69":2,"70":25,"71":1,"72":25,"73":14,"74":25,"75":7,"76":5,"77":2,"78":1},"b":{"1":[1,1],"2":[1,6],"3":[1,5],"4":[1,4],"5":[1,3],"6":[1,2],"7":[1,1],"8":[1,5],"9":[4,1],"10":[5,4],"11":[5,2]},"f":{"1":25,"2":42,"3":17,"4":1,"5":2,"6":2,"7":7,"8":6,"9":1,"10":1,"11":2,"12":2,"13":1,"14":14,"15":7},"fnMap":{"1":{"name":"Transit","line":10,"loc":{"start":{"line":10,"column":14},"end":{"line":10,"column":54}}},"2":{"name":"on","line":65,"loc":{"start":{"line":65,"column":12},"end":{"line":65,"column":35}}},"3":{"name":"emit","line":81,"loc":{"start":{"line":81,"column":14},"end":{"line":81,"column":35}}},"4":{"name":"start","line":94,"loc":{"start":{"line":94,"column":15},"end":{"line":94,"column":32}}},"5":{"name":"terminate","line":104,"loc":{"start":{"line":104,"column":19},"end":{"line":104,"column":40}}},"6":{"name":"end","line":118,"loc":{"start":{"line":118,"column":13},"end":{"line":118,"column":28}}},"7":{"name":"run","line":133,"loc":{"start":{"line":133,"column":13},"end":{"line":133,"column":28}}},"8":{"name":"render","line":176,"loc":{"start":{"line":176,"column":16},"end":{"line":176,"column":40}}},"9":{"name":"setAttributes","line":203,"loc":{"start":{"line":203,"column":23},"end":{"line":203,"column":53}}},"10":{"name":"addAttributes","line":213,"loc":{"start":{"line":213,"column":23},"end":{"line":213,"column":53}}},"11":{"name":"(anonymous_11)","line":214,"loc":{"start":{"line":214,"column":31},"end":{"line":214,"column":44}}},"12":{"name":"setAttribute","line":226,"loc":{"start":{"line":226,"column":22},"end":{"line":226,"column":54}}},"13":{"name":"getAttributes","line":236,"loc":{"start":{"line":236,"column":23},"end":{"line":236,"column":48}}},"14":{"name":"getAttribute","line":247,"loc":{"start":{"line":247,"column":22},"end":{"line":247,"column":49}}},"15":{"name":"hasAttribute","line":258,"loc":{"start":{"line":258,"column":22},"end":{"line":258,"column":49}}}},"statementMap":{"1":{"start":{"line":2,"column":0},"end":{"line":2,"column":34}},"2":{"start":{"line":3,"column":0},"end":{"line":3,"column":36}},"3":{"start":{"line":10,"column":0},"end":{"line":266,"column":2}},"4":{"start":{"line":11,"column":2},"end":{"line":11,"column":18}},"5":{"start":{"line":12,"column":2},"end":{"line":12,"column":22}},"6":{"start":{"line":13,"column":2},"end":{"line":13,"column":43}},"7":{"start":{"line":19,"column":2},"end":{"line":19,"column":17}},"8":{"start":{"line":25,"column":2},"end":{"line":25,"column":22}},"9":{"start":{"line":32,"column":2},"end":{"line":32,"column":18}},"10":{"start":{"line":38,"column":2},"end":{"line":38,"column":22}},"11":{"start":{"line":44,"column":2},"end":{"line":44,"column":34}},"12":{"start":{"line":51,"column":2},"end":{"line":55,"column":4}},"13":{"start":{"line":65,"column":2},"end":{"line":71,"column":4}},"14":{"start":{"line":66,"column":4},"end":{"line":66,"column":50}},"15":{"start":{"line":70,"column":4},"end":{"line":70,"column":16}},"16":{"start":{"line":81,"column":2},"end":{"line":86,"column":4}},"17":{"start":{"line":82,"column":4},"end":{"line":82,"column":53}},"18":{"start":{"line":83,"column":4},"end":{"line":83,"column":44}},"19":{"start":{"line":84,"column":4},"end":{"line":84,"column":38}},"20":{"start":{"line":85,"column":4},"end":{"line":85,"column":16}},"21":{"start":{"line":94,"column":2},"end":{"line":97,"column":4}},"22":{"start":{"line":95,"column":4},"end":{"line":95,"column":29}},"23":{"start":{"line":96,"column":4},"end":{"line":96,"column":27}},"24":{"start":{"line":104,"column":2},"end":{"line":110,"column":4}},"25":{"start":{"line":105,"column":4},"end":{"line":105,"column":27}},"26":{"start":{"line":106,"column":4},"end":{"line":106,"column":58}},"27":{"start":{"line":107,"column":4},"end":{"line":107,"column":56}},"28":{"start":{"line":108,"column":4},"end":{"line":108,"column":63}},"29":{"start":{"line":109,"column":4},"end":{"line":109,"column":57}},"30":{"start":{"line":118,"column":2},"end":{"line":125,"column":4}},"31":{"start":{"line":121,"column":4},"end":{"line":122,"column":125}},"32":{"start":{"line":122,"column":6},"end":{"line":122,"column":125}},"33":{"start":{"line":124,"column":4},"end":{"line":124,"column":27}},"34":{"start":{"line":133,"column":2},"end":{"line":168,"column":4}},"35":{"start":{"line":134,"column":4},"end":{"line":134,"column":34}},"36":{"start":{"line":135,"column":4},"end":{"line":135,"column":39}},"37":{"start":{"line":136,"column":4},"end":{"line":139,"column":5}},"38":{"start":{"line":137,"column":6},"end":{"line":137,"column":27}},"39":{"start":{"line":138,"column":6},"end":{"line":138,"column":15}},"40":{"start":{"line":141,"column":4},"end":{"line":144,"column":5}},"41":{"start":{"line":142,"column":6},"end":{"line":142,"column":31}},"42":{"start":{"line":143,"column":6},"end":{"line":143,"column":15}},"43":{"start":{"line":146,"column":4},"end":{"line":148,"column":5}},"44":{"start":{"line":147,"column":6},"end":{"line":147,"column":144}},"45":{"start":{"line":150,"column":4},"end":{"line":152,"column":5}},"46":{"start":{"line":151,"column":6},"end":{"line":151,"column":111}},"47":{"start":{"line":154,"column":4},"end":{"line":156,"column":5}},"48":{"start":{"line":155,"column":6},"end":{"line":155,"column":109}},"49":{"start":{"line":159,"column":4},"end":{"line":159,"column":36}},"50":{"start":{"line":161,"column":4},"end":{"line":161,"column":23}},"51":{"start":{"line":162,"column":4},"end":{"line":162,"column":68}},"52":{"start":{"line":163,"column":4},"end":{"line":165,"column":5}},"53":{"start":{"line":164,"column":6},"end":{"line":164,"column":23}},"54":{"start":{"line":167,"column":4},"end":{"line":167,"column":13}},"55":{"start":{"line":176,"column":2},"end":{"line":190,"column":4}},"56":{"start":{"line":177,"column":4},"end":{"line":177,"column":39}},"57":{"start":{"line":178,"column":4},"end":{"line":178,"column":25}},"58":{"start":{"line":179,"column":4},"end":{"line":179,"column":28}},"59":{"start":{"line":181,"column":4},"end":{"line":183,"column":5}},"60":{"start":{"line":182,"column":6},"end":{"line":182,"column":115}},"61":{"start":{"line":186,"column":4},"end":{"line":188,"column":5}},"62":{"start":{"line":187,"column":6},"end":{"line":187,"column":28}},"63":{"start":{"line":203,"column":2},"end":{"line":205,"column":4}},"64":{"start":{"line":204,"column":4},"end":{"line":204,"column":23}},"65":{"start":{"line":213,"column":2},"end":{"line":217,"column":4}},"66":{"start":{"line":214,"column":4},"end":{"line":216,"column":7}},"67":{"start":{"line":215,"column":6},"end":{"line":215,"column":35}},"68":{"start":{"line":226,"column":2},"end":{"line":228,"column":4}},"69":{"start":{"line":227,"column":4},"end":{"line":227,"column":26}},"70":{"start":{"line":236,"column":2},"end":{"line":238,"column":4}},"71":{"start":{"line":237,"column":4},"end":{"line":237,"column":22}},"72":{"start":{"line":247,"column":2},"end":{"line":249,"column":4}},"73":{"start":{"line":248,"column":4},"end":{"line":248,"column":27}},"74":{"start":{"line":258,"column":2},"end":{"line":263,"column":4}},"75":{"start":{"line":259,"column":4},"end":{"line":261,"column":5}},"76":{"start":{"line":260,"column":6},"end":{"line":260,"column":19}},"77":{"start":{"line":262,"column":4},"end":{"line":262,"column":16}},"78":{"start":{"line":268,"column":0},"end":{"line":268,"column":25}}},"branchMap":{"1":{"line":121,"type":"if","locations":[{"start":{"line":121,"column":4},"end":{"line":121,"column":4}},{"start":{"line":121,"column":4},"end":{"line":121,"column":4}}]},"2":{"line":136,"type":"if","locations":[{"start":{"line":136,"column":4},"end":{"line":136,"column":4}},{"start":{"line":136,"column":4},"end":{"line":136,"column":4}}]},"3":{"line":141,"type":"if","locations":[{"start":{"line":141,"column":4},"end":{"line":141,"column":4}},{"start":{"line":141,"column":4},"end":{"line":141,"column":4}}]},"4":{"line":146,"type":"if","locations":[{"start":{"line":146,"column":4},"end":{"line":146,"column":4}},{"start":{"line":146,"column":4},"end":{"line":146,"column":4}}]},"5":{"line":150,"type":"if","locations":[{"start":{"line":150,"column":4},"end":{"line":150,"column":4}},{"start":{"line":150,"column":4},"end":{"line":150,"column":4}}]},"6":{"line":154,"type":"if","locations":[{"start":{"line":154,"column":4},"end":{"line":154,"column":4}},{"start":{"line":154,"column":4},"end":{"line":154,"column":4}}]},"7":{"line":163,"type":"if","locations":[{"start":{"line":163,"column":4},"end":{"line":163,"column":4}},{"start":{"line":163,"column":4},"end":{"line":163,"column":4}}]},"8":{"line":181,"type":"if","locations":[{"start":{"line":181,"column":4},"end":{"line":181,"column":4}},{"start":{"line":181,"column":4},"end":{"line":181,"column":4}}]},"9":{"line":186,"type":"if","locations":[{"start":{"line":186,"column":4},"end":{"line":186,"column":4}},{"start":{"line":186,"column":4},"end":{"line":186,"column":4}}]},"10":{"line":186,"type":"binary-expr","locations":[{"start":{"line":186,"column":7},"end":{"line":186,"column":38}},{"start":{"line":186,"column":42},"end":{"line":186,"column":75}}]},"11":{"line":259,"type":"if","locations":[{"start":{"line":259,"column":4},"end":{"line":259,"column":4}},{"start":{"line":259,"column":4},"end":{"line":259,"column":4}}]}}},"/Users/advanderveer/Documents/Personal/Javascript/station.js/ticket.js/src/state.js":{"path":"/Users/advanderveer/Documents/Personal/Javascript/station.js/ticket.js/src/state.js","s":{"1":1,"2":6,"3":6,"4":1},"b":{},"f":{"1":6},"fnMap":{"1":{"name":"State","line":1,"loc":{"start":{"line":1,"column":12},"end":{"line":1,"column":36}}}},"statementMap":{"1":{"start":{"line":1,"column":0},"end":{"line":10,"column":2}},"2":{"start":{"line":2,"column":2},"end":{"line":2,"column":18}},"3":{"start":{"line":8,"column":2},"end":{"line":8,"column":25}},"4":{"start":{"line":12,"column":0},"end":{"line":12,"column":23}}},"branchMap":{}},"/Users/advanderveer/Documents/Personal/Javascript/station.js/ticket.js/src/errors.js":{"path":"/Users/advanderveer/Documents/Personal/Javascript/station.js/ticket.js/src/errors.js","s":{"1":1,"2":2,"3":2,"4":2,"5":2,"6":2,"7":1,"8":1,"9":1,"10":1,"11":1,"12":1,"13":1,"14":1,"15":1,"16":1,"17":1,"18":1,"19":1,"20":1,"21":1,"22":1,"23":1,"24":1,"25":1,"26":1,"27":1,"28":1},"b":{},"f":{"1":2,"2":1,"3":1,"4":1,"5":1,"6":1},"fnMap":{"1":{"name":"ControllerReturnedInvalidError","line":4,"loc":{"start":{"line":4,"column":0},"end":{"line":4,"column":42}}},"2":{"name":"(anonymous_2)","line":13,"loc":{"start":{"line":13,"column":32},"end":{"line":13,"column":43}}},"3":{"name":"ControllerTimeoutError","line":21,"loc":{"start":{"line":21,"column":0},"end":{"line":21,"column":34}}},"4":{"name":"(anonymous_4)","line":30,"loc":{"start":{"line":30,"column":32},"end":{"line":30,"column":43}}},"5":{"name":"ControllerNotFoundError","line":38,"loc":{"start":{"line":38,"column":0},"end":{"line":38,"column":35}}},"6":{"name":"(anonymous_6)","line":47,"loc":{"start":{"line":47,"column":32},"end":{"line":47,"column":43}}}},"statementMap":{"1":{"start":{"line":4,"column":0},"end":{"line":12,"column":1}},"2":{"start":{"line":5,"column":4},"end":{"line":5,"column":43}},"3":{"start":{"line":6,"column":4},"end":{"line":6,"column":60}},"4":{"start":{"line":8,"column":4},"end":{"line":8,"column":27}},"5":{"start":{"line":9,"column":4},"end":{"line":9,"column":31}},"6":{"start":{"line":11,"column":4},"end":{"line":11,"column":16}},"7":{"start":{"line":13,"column":4},"end":{"line":13,"column":46}},"8":{"start":{"line":14,"column":8},"end":{"line":14,"column":58}},"9":{"start":{"line":15,"column":4},"end":{"line":15,"column":75}},"10":{"start":{"line":21,"column":0},"end":{"line":29,"column":1}},"11":{"start":{"line":22,"column":4},"end":{"line":22,"column":43}},"12":{"start":{"line":23,"column":4},"end":{"line":23,"column":52}},"13":{"start":{"line":25,"column":4},"end":{"line":25,"column":27}},"14":{"start":{"line":26,"column":4},"end":{"line":26,"column":31}},"15":{"start":{"line":28,"column":4},"end":{"line":28,"column":16}},"16":{"start":{"line":30,"column":4},"end":{"line":30,"column":46}},"17":{"start":{"line":31,"column":8},"end":{"line":31,"column":58}},"18":{"start":{"line":32,"column":4},"end":{"line":32,"column":67}},"19":{"start":{"line":38,"column":0},"end":{"line":46,"column":1}},"20":{"start":{"line":39,"column":4},"end":{"line":39,"column":43}},"21":{"start":{"line":40,"column":4},"end":{"line":40,"column":53}},"22":{"start":{"line":42,"column":4},"end":{"line":42,"column":27}},"23":{"start":{"line":43,"column":4},"end":{"line":43,"column":31}},"24":{"start":{"line":45,"column":4},"end":{"line":45,"column":16}},"25":{"start":{"line":47,"column":4},"end":{"line":47,"column":46}},"26":{"start":{"line":48,"column":8},"end":{"line":48,"column":58}},"27":{"start":{"line":49,"column":4},"end":{"line":49,"column":68}},"28":{"start":{"line":52,"column":0},"end":{"line":56,"column":2}}},"branchMap":{}},"/Users/advanderveer/Documents/Personal/Javascript/station.js/ticket.js/src/ticket.js":{"path":"/Users/advanderveer/Documents/Personal/Javascript/station.js/ticket.js/src/ticket.js","s":{"1":1,"2":1,"3":1,"4":24,"5":24,"6":24,"7":19,"8":24,"9":4,"10":4,"11":4,"12":4,"13":4,"14":3,"15":4,"16":1,"17":4,"18":2,"19":2,"20":1,"21":4,"22":2,"23":2,"24":1,"25":4,"26":24,"27":4,"28":3,"29":3,"30":3,"31":1,"32":4,"33":1,"34":1,"35":1,"36":3,"37":3,"38":3,"39":1,"40":2,"41":24,"42":13,"43":8,"44":2,"45":6,"46":6,"47":6,"48":2,"49":4,"50":2,"51":2,"52":5,"53":5,"54":2,"55":3,"56":1},"b":{"1":[10,9],"2":[3,1],"3":[1,3],"4":[1,2],"5":[3,2],"6":[8,5],"7":[2,6],"8":[2,4],"9":[2,2],"10":[2,3],"11":[5,4]},"f":{"1":24,"2":19,"3":4,"4":1,"5":2,"6":1,"7":2,"8":1,"9":4,"10":3,"11":1,"12":3,"13":13},"fnMap":{"1":{"name":"Ticket","line":14,"loc":{"start":{"line":14,"column":13},"end":{"line":14,"column":69}}},"2":{"name":"isServer","line":31,"loc":{"start":{"line":31,"column":18},"end":{"line":31,"column":38}}},"3":{"name":"handle","line":42,"loc":{"start":{"line":42,"column":16},"end":{"line":42,"column":41}}},"4":{"name":"(anonymous_4)","line":54,"loc":{"start":{"line":54,"column":27},"end":{"line":54,"column":37}}},"5":{"name":"(anonymous_5)","line":59,"loc":{"start":{"line":59,"column":35},"end":{"line":59,"column":45}}},"6":{"name":"(anonymous_6)","line":64,"loc":{"start":{"line":64,"column":7},"end":{"line":64,"column":20}}},"7":{"name":"(anonymous_7)","line":69,"loc":{"start":{"line":69,"column":39},"end":{"line":69,"column":49}}},"8":{"name":"(anonymous_8)","line":74,"loc":{"start":{"line":74,"column":7},"end":{"line":74,"column":20}}},"9":{"name":"install","line":88,"loc":{"start":{"line":88,"column":17},"end":{"line":88,"column":38}}},"10":{"name":"(anonymous_10)","line":89,"loc":{"start":{"line":89,"column":19},"end":{"line":89,"column":37}}},"11":{"name":"(anonymous_11)","line":99,"loc":{"start":{"line":99,"column":23},"end":{"line":99,"column":47}}},"12":{"name":"(anonymous_12)","line":104,"loc":{"start":{"line":104,"column":38},"end":{"line":104,"column":50}}},"13":{"name":"normalize","line":122,"loc":{"start":{"line":122,"column":19},"end":{"line":122,"column":40}}}},"statementMap":{"1":{"start":{"line":2,"column":0},"end":{"line":2,"column":38}},"2":{"start":{"line":3,"column":0},"end":{"line":3,"column":36}},"3":{"start":{"line":14,"column":0},"end":{"line":153,"column":2}},"4":{"start":{"line":15,"column":2},"end":{"line":15,"column":18}},"5":{"start":{"line":23,"column":2},"end":{"line":23,"column":25}},"6":{"start":{"line":31,"column":2},"end":{"line":33,"column":4}},"7":{"start":{"line":32,"column":4},"end":{"line":32,"column":70}},"8":{"start":{"line":42,"column":2},"end":{"line":79,"column":4}},"9":{"start":{"line":43,"column":4},"end":{"line":43,"column":36}},"10":{"start":{"line":46,"column":4},"end":{"line":46,"column":34}},"11":{"start":{"line":48,"column":4},"end":{"line":48,"column":58}},"12":{"start":{"line":49,"column":4},"end":{"line":49,"column":61}},"13":{"start":{"line":50,"column":6},"end":{"line":51,"column":62}},"14":{"start":{"line":51,"column":8},"end":{"line":51,"column":62}},"15":{"start":{"line":54,"column":4},"end":{"line":56,"column":24}},"16":{"start":{"line":55,"column":6},"end":{"line":55,"column":200}},"17":{"start":{"line":59,"column":4},"end":{"line":66,"column":7}},"18":{"start":{"line":60,"column":6},"end":{"line":60,"column":26}},"19":{"start":{"line":63,"column":6},"end":{"line":63,"column":27}},"20":{"start":{"line":65,"column":6},"end":{"line":65,"column":27}},"21":{"start":{"line":69,"column":4},"end":{"line":76,"column":7}},"22":{"start":{"line":70,"column":6},"end":{"line":70,"column":26}},"23":{"start":{"line":73,"column":6},"end":{"line":73,"column":35}},"24":{"start":{"line":75,"column":6},"end":{"line":75,"column":27}},"25":{"start":{"line":78,"column":4},"end":{"line":78,"column":28}},"26":{"start":{"line":88,"column":2},"end":{"line":112,"column":4}},"27":{"start":{"line":89,"column":4},"end":{"line":96,"column":6}},"28":{"start":{"line":90,"column":8},"end":{"line":90,"column":20}},"29":{"start":{"line":91,"column":8},"end":{"line":95,"column":9}},"30":{"start":{"line":92,"column":10},"end":{"line":92,"column":25}},"31":{"start":{"line":94,"column":10},"end":{"line":94,"column":33}},"32":{"start":{"line":98,"column":4},"end":{"line":111,"column":5}},"33":{"start":{"line":99,"column":6},"end":{"line":102,"column":9}},"34":{"start":{"line":100,"column":8},"end":{"line":100,"column":41}},"35":{"start":{"line":101,"column":8},"end":{"line":101,"column":31}},"36":{"start":{"line":104,"column":6},"end":{"line":110,"column":8}},"37":{"start":{"line":105,"column":8},"end":{"line":105,"column":34}},"38":{"start":{"line":106,"column":8},"end":{"line":107,"column":17}},"39":{"start":{"line":107,"column":10},"end":{"line":107,"column":17}},"40":{"start":{"line":109,"column":8},"end":{"line":109,"column":31}},"41":{"start":{"line":122,"column":2},"end":{"line":151,"column":4}},"42":{"start":{"line":124,"column":4},"end":{"line":149,"column":5}},"43":{"start":{"line":125,"column":6},"end":{"line":127,"column":7}},"44":{"start":{"line":126,"column":8},"end":{"line":126,"column":98}},"45":{"start":{"line":129,"column":6},"end":{"line":129,"column":29}},"46":{"start":{"line":130,"column":6},"end":{"line":130,"column":29}},"47":{"start":{"line":132,"column":6},"end":{"line":133,"column":121}},"48":{"start":{"line":133,"column":8},"end":{"line":133,"column":121}},"49":{"start":{"line":135,"column":6},"end":{"line":136,"column":128}},"50":{"start":{"line":136,"column":8},"end":{"line":136,"column":128}},"51":{"start":{"line":138,"column":6},"end":{"line":138,"column":57}},"52":{"start":{"line":142,"column":6},"end":{"line":142,"column":27}},"53":{"start":{"line":143,"column":6},"end":{"line":145,"column":7}},"54":{"start":{"line":144,"column":8},"end":{"line":144,"column":98}},"55":{"start":{"line":147,"column":6},"end":{"line":147,"column":49}},"56":{"start":{"line":155,"column":0},"end":{"line":155,"column":24}}},"branchMap":{"1":{"line":32,"type":"cond-expr","locations":[{"start":{"line":32,"column":53},"end":{"line":32,"column":57}},{"start":{"line":32,"column":62},"end":{"line":32,"column":67}}]},"2":{"line":50,"type":"if","locations":[{"start":{"line":50,"column":6},"end":{"line":50,"column":6}},{"start":{"line":50,"column":6},"end":{"line":50,"column":6}}]},"3":{"line":98,"type":"if","locations":[{"start":{"line":98,"column":4},"end":{"line":98,"column":4}},{"start":{"line":98,"column":4},"end":{"line":98,"column":4}}]},"4":{"line":106,"type":"if","locations":[{"start":{"line":106,"column":8},"end":{"line":106,"column":8}},{"start":{"line":106,"column":8},"end":{"line":106,"column":8}}]},"5":{"line":106,"type":"binary-expr","locations":[{"start":{"line":106,"column":11},"end":{"line":106,"column":22}},{"start":{"line":106,"column":26},"end":{"line":106,"column":41}}]},"6":{"line":124,"type":"if","locations":[{"start":{"line":124,"column":4},"end":{"line":124,"column":4}},{"start":{"line":124,"column":4},"end":{"line":124,"column":4}}]},"7":{"line":125,"type":"if","locations":[{"start":{"line":125,"column":6},"end":{"line":125,"column":6}},{"start":{"line":125,"column":6},"end":{"line":125,"column":6}}]},"8":{"line":132,"type":"if","locations":[{"start":{"line":132,"column":6},"end":{"line":132,"column":6}},{"start":{"line":132,"column":6},"end":{"line":132,"column":6}}]},"9":{"line":135,"type":"if","locations":[{"start":{"line":135,"column":6},"end":{"line":135,"column":6}},{"start":{"line":135,"column":6},"end":{"line":135,"column":6}}]},"10":{"line":143,"type":"if","locations":[{"start":{"line":143,"column":6},"end":{"line":143,"column":6}},{"start":{"line":143,"column":6},"end":{"line":143,"column":6}}]},"11":{"line":143,"type":"binary-expr","locations":[{"start":{"line":143,"column":9},"end":{"line":143,"column":24}},{"start":{"line":143,"column":28},"end":{"line":143,"column":57}}]}}},"/Users/advanderveer/Documents/Personal/Javascript/station.js/ticket.js/src/normalizer.js":{"path":"/Users/advanderveer/Documents/Personal/Javascript/station.js/ticket.js/src/normalizer.js","s":{"1":1,"2":1,"3":12,"4":12,"5":3,"6":1,"7":2,"8":2,"9":1,"10":2,"11":2,"12":12,"13":2,"14":2,"15":1},"b":{"1":[1,2],"2":[3,3],"3":[1,1]},"f":{"1":12,"2":3,"3":2},"fnMap":{"1":{"name":"Normalizer","line":3,"loc":{"start":{"line":3,"column":17},"end":{"line":3,"column":55}}},"2":{"name":"normalizeBrowserEvent","line":12,"loc":{"start":{"line":12,"column":31},"end":{"line":12,"column":65}}},"3":{"name":"normalizeServerRequest","line":34,"loc":{"start":{"line":34,"column":32},"end":{"line":34,"column":74}}}},"statementMap":{"1":{"start":{"line":1,"column":0},"end":{"line":1,"column":38}},"2":{"start":{"line":3,"column":0},"end":{"line":40,"column":2}},"3":{"start":{"line":4,"column":2},"end":{"line":4,"column":18}},"4":{"start":{"line":12,"column":2},"end":{"line":25,"column":4}},"5":{"start":{"line":14,"column":4},"end":{"line":15,"column":19}},"6":{"start":{"line":15,"column":6},"end":{"line":15,"column":19}},"7":{"start":{"line":17,"column":4},"end":{"line":17,"column":44}},"8":{"start":{"line":18,"column":4},"end":{"line":20,"column":5}},"9":{"start":{"line":19,"column":6},"end":{"line":19,"column":46}},"10":{"start":{"line":22,"column":4},"end":{"line":22,"column":47}},"11":{"start":{"line":23,"column":4},"end":{"line":23,"column":13}},"12":{"start":{"line":34,"column":2},"end":{"line":38,"column":4}},"13":{"start":{"line":35,"column":4},"end":{"line":35,"column":51}},"14":{"start":{"line":37,"column":4},"end":{"line":37,"column":13}},"15":{"start":{"line":42,"column":0},"end":{"line":42,"column":28}}},"branchMap":{"1":{"line":14,"type":"if","locations":[{"start":{"line":14,"column":4},"end":{"line":14,"column":4}},{"start":{"line":14,"column":4},"end":{"line":14,"column":4}}]},"2":{"line":14,"type":"binary-expr","locations":[{"start":{"line":14,"column":7},"end":{"line":14,"column":42}},{"start":{"line":14,"column":46},"end":{"line":14,"column":85}}]},"3":{"line":18,"type":"if","locations":[{"start":{"line":18,"column":4},"end":{"line":18,"column":4}},{"start":{"line":18,"column":4},"end":{"line":18,"column":4}}]}}}}