TN:
SF:/Users/advanderveer/Documents/Personal/Javascript/station.js/ticket.js/src/resolver.js
FN:1,Resolver
FN:12,getScope
FN:23,getFunction
FN:39,getArguments
FNF:4
FNH:4
FNDA:15,Resolver
FNDA:7,getScope
FNDA:3,getFunction
FNDA:7,getArguments
DA:1,1
DA:2,15
DA:12,15
DA:13,7
DA:23,15
DA:25,3
DA:26,1
DA:29,2
DA:39,15
DA:40,7
DA:45,1
LF:11
LH:11
BRDA:25,1,0,1
BRDA:25,1,1,2
BRF:2
BRH:2
end_of_record
TN:
SF:/Users/advanderveer/Documents/Personal/Javascript/station.js/ticket.js/src/transit.js
FN:11,Transit
FN:74,setAttributes
FN:84,addAttributes
FN:85,(anonymous_4)
FN:97,setAttribute
FN:107,getAttributes
FN:118,getAttribute
FN:129,hasAttribute
FN:142,setScope
FN:153,setFunction
FN:163,setArguments
FN:174,start
FN:187,end
FN:202,run
FN:244,render
FNF:15
FNH:15
FNDA:21,Transit
FNDA:1,setAttributes
FNDA:1,addAttributes
FNDA:2,(anonymous_4)
FNDA:5,setAttribute
FNDA:1,getAttributes
FNDA:13,getAttribute
FNDA:6,hasAttribute
FNDA:8,setScope
FNDA:9,setFunction
FNDA:9,setArguments
FNDA:7,start
FNDA:4,end
FNDA:13,run
FNDA:9,render
DA:2,1
DA:3,1
DA:11,1
DA:12,21
DA:13,21
DA:14,21
DA:15,21
DA:22,21
DA:28,21
DA:34,21
DA:40,21
DA:46,21
DA:52,21
DA:59,21
DA:65,21
DA:74,21
DA:75,1
DA:84,21
DA:85,1
DA:86,2
DA:97,21
DA:98,5
DA:107,21
DA:108,1
DA:118,21
DA:119,13
DA:129,21
DA:130,6
DA:131,2
DA:133,4
DA:142,21
DA:143,8
DA:153,21
DA:154,9
DA:163,21
DA:164,9
DA:174,21
DA:175,7
DA:176,7
DA:187,21
DA:188,4
DA:189,2
DA:191,2
DA:192,2
DA:202,21
DA:204,13
DA:205,13
DA:206,1
DA:207,1
DA:210,12
DA:211,1
DA:212,1
DA:215,11
DA:216,2
DA:219,9
DA:220,1
DA:223,8
DA:224,1
DA:228,7
DA:229,6
DA:230,1
DA:233,6
DA:244,21
DA:245,9
DA:246,9
DA:248,9
DA:249,1
DA:253,8
DA:254,5
DA:261,1
LF:70
LH:70
BRDA:34,1,0,2
BRDA:34,1,1,19
BRDA:130,2,0,2
BRDA:130,2,1,4
BRDA:188,3,0,2
BRDA:188,3,1,2
BRDA:205,4,0,1
BRDA:205,4,1,12
BRDA:210,5,0,1
BRDA:210,5,1,11
BRDA:215,6,0,2
BRDA:215,6,1,9
BRDA:219,7,0,1
BRDA:219,7,1,8
BRDA:223,8,0,1
BRDA:223,8,1,7
BRDA:229,9,0,1
BRDA:229,9,1,5
BRDA:248,10,0,1
BRDA:248,10,1,8
BRDA:253,11,0,5
BRDA:253,11,1,3
BRDA:253,12,0,8
BRDA:253,12,1,5
BRF:24
BRH:24
end_of_record
TN:
SF:/Users/advanderveer/Documents/Personal/Javascript/station.js/ticket.js/src/state.js
FN:1,State
FNF:1
FNH:1
FNDA:6,State
DA:1,1
DA:2,6
DA:8,6
DA:12,1
LF:4
LH:4
BRF:0
BRH:0
end_of_record
TN:
SF:/Users/advanderveer/Documents/Personal/Javascript/station.js/ticket.js/src/errors.js
FN:4,ControllerReturnedInvalidError
FN:13,(anonymous_2)
FN:21,ControllerTimeoutError
FN:30,(anonymous_4)
FN:38,ControllerNotFoundError
FN:47,(anonymous_6)
FNF:6
FNH:6
FNDA:2,ControllerReturnedInvalidError
FNDA:1,(anonymous_2)
FNDA:3,ControllerTimeoutError
FNDA:1,(anonymous_4)
FNDA:2,ControllerNotFoundError
FNDA:1,(anonymous_6)
DA:4,1
DA:5,2
DA:6,2
DA:8,2
DA:9,2
DA:11,2
DA:13,1
DA:14,1
DA:15,1
DA:21,1
DA:22,3
DA:23,3
DA:25,3
DA:26,3
DA:28,3
DA:30,1
DA:31,1
DA:32,1
DA:38,1
DA:39,2
DA:40,2
DA:42,2
DA:43,2
DA:45,2
DA:47,1
DA:48,1
DA:49,1
DA:52,1
LF:28
LH:28
BRF:0
BRH:0
end_of_record
TN:
SF:/Users/advanderveer/Documents/Personal/Javascript/station.js/ticket.js/src/ticket.js
FN:14,Ticket
FN:31,isServer
FN:42,handle
FN:43,(anonymous_4)
FN:61,(anonymous_5)
FN:66,(anonymous_6)
FN:80,(anonymous_7)
FN:104,install
FN:106,(anonymous_9)
FN:114,(anonymous_10)
FN:134,normalize
FNF:11
FNH:11
FNDA:28,Ticket
FNDA:18,isServer
FNDA:7,handle
FNDA:7,(anonymous_4)
FNDA:3,(anonymous_5)
FNDA:4,(anonymous_6)
FNDA:2,(anonymous_7)
FNDA:3,install
FNDA:1,(anonymous_9)
FNDA:2,(anonymous_10)
FNDA:13,normalize
DA:2,1
DA:3,1
DA:14,1
DA:15,28
DA:23,28
DA:31,28
DA:32,18
DA:42,28
DA:43,7
DA:46,7
DA:49,7
DA:52,7
DA:53,7
DA:54,7
DA:55,1
DA:58,7
DA:61,7
DA:62,3
DA:66,7
DA:67,4
DA:69,4
DA:71,4
DA:73,1
DA:76,4
DA:80,5
DA:82,2
DA:84,2
DA:86,1
DA:89,2
DA:104,28
DA:105,3
DA:106,1
DA:107,1
DA:108,1
DA:109,1
DA:110,1
DA:111,1
DA:114,2
DA:115,2
DA:116,2
DA:117,1
DA:119,1
DA:123,3
DA:134,28
DA:136,13
DA:137,8
DA:138,2
DA:141,6
DA:142,6
DA:144,6
DA:145,2
DA:147,4
DA:148,2
DA:150,2
DA:154,5
DA:155,5
DA:156,2
DA:159,3
DA:170,1
LF:59
LH:59
BRDA:32,1,0,10
BRDA:32,1,1,8
BRDA:54,2,0,1
BRDA:54,2,1,6
BRDA:105,3,0,1
BRDA:105,3,1,2
BRDA:116,4,0,1
BRDA:116,4,1,1
BRDA:116,5,0,2
BRDA:116,5,1,1
BRDA:136,6,0,8
BRDA:136,6,1,5
BRDA:137,7,0,2
BRDA:137,7,1,6
BRDA:144,8,0,2
BRDA:144,8,1,4
BRDA:147,9,0,2
BRDA:147,9,1,2
BRDA:155,10,0,2
BRDA:155,10,1,3
BRDA:155,11,0,5
BRDA:155,11,1,4
BRF:22
BRH:22
end_of_record
TN:
SF:/Users/advanderveer/Documents/Personal/Javascript/station.js/ticket.js/src/normalizer.js
FN:3,Normalizer
FN:12,normalizeBrowserEvent
FN:34,normalizeServerRequest
FNF:3
FNH:3
FNDA:14,Normalizer
FNDA:3,normalizeBrowserEvent
FNDA:2,normalizeServerRequest
DA:1,1
DA:3,1
DA:4,14
DA:12,14
DA:14,3
DA:15,1
DA:17,2
DA:18,2
DA:19,1
DA:22,2
DA:23,2
DA:34,14
DA:35,2
DA:37,2
DA:42,1
LF:15
LH:15
BRDA:14,1,0,1
BRDA:14,1,1,2
BRDA:14,2,0,3
BRDA:14,2,1,3
BRDA:18,3,0,1
BRDA:18,3,1,1
BRF:6
BRH:6
end_of_record
