TN:
SF:/Users/advanderveer/Documents/Personal/Javascript/station.js/ticket.js/src/resolver.js
FN:1,Resolver
FN:12,getScope
FN:23,getFunction
FN:39,getArguments
FNF:4
FNH:4
FNDA:13,Resolver
FNDA:4,getScope
FNDA:5,getFunction
FNDA:4,getArguments
DA:1,1
DA:2,13
DA:12,13
DA:13,4
DA:23,13
DA:25,5
DA:26,1
DA:29,4
DA:39,13
DA:40,4
DA:45,1
LF:11
LH:11
BRDA:25,1,0,1
BRDA:25,1,1,4
BRF:2
BRH:2
end_of_record
TN:
SF:/Users/advanderveer/Documents/Personal/Javascript/station.js/ticket.js/src/transit.js
FN:10,Transit
FN:65,on
FN:78,emit
FN:91,start
FN:101,terminate
FN:111,end
FN:126,run
FN:169,render
FN:196,setAttributes
FN:206,addAttributes
FN:207,(anonymous_11)
FN:219,setAttribute
FN:229,getAttributes
FN:240,getAttribute
FN:251,hasAttribute
FNF:15
FNH:15
FNDA:25,Transit
FNDA:42,on
FNDA:17,emit
FNDA:1,start
FNDA:2,terminate
FNDA:2,end
FNDA:7,run
FNDA:6,render
FNDA:1,setAttributes
FNDA:1,addAttributes
FNDA:2,(anonymous_11)
FNDA:2,setAttribute
FNDA:1,getAttributes
FNDA:14,getAttribute
FNDA:7,hasAttribute
DA:2,1
DA:3,1
DA:10,1
DA:11,25
DA:12,25
DA:13,25
DA:19,25
DA:25,25
DA:32,25
DA:38,25
DA:44,25
DA:51,25
DA:65,25
DA:66,42
DA:67,42
DA:78,25
DA:79,17
DA:80,17
DA:81,17
DA:82,17
DA:91,25
DA:92,1
DA:93,1
DA:101,25
DA:102,2
DA:111,25
DA:114,2
DA:115,1
DA:117,1
DA:126,25
DA:127,7
DA:128,7
DA:129,7
DA:130,1
DA:131,1
DA:134,6
DA:135,1
DA:136,1
DA:139,5
DA:140,1
DA:143,4
DA:144,1
DA:147,3
DA:148,1
DA:152,2
DA:154,2
DA:155,2
DA:156,2
DA:157,1
DA:160,2
DA:169,25
DA:170,6
DA:171,6
DA:172,6
DA:174,6
DA:175,1
DA:179,5
DA:180,4
DA:196,25
DA:197,1
DA:206,25
DA:207,1
DA:208,2
DA:219,25
DA:220,2
DA:229,25
DA:230,1
DA:240,25
DA:241,14
DA:251,25
DA:252,7
DA:253,5
DA:255,2
DA:261,1
LF:74
LH:74
BRDA:114,1,0,1
BRDA:114,1,1,1
BRDA:129,2,0,1
BRDA:129,2,1,6
BRDA:134,3,0,1
BRDA:134,3,1,5
BRDA:139,4,0,1
BRDA:139,4,1,4
BRDA:143,5,0,1
BRDA:143,5,1,3
BRDA:147,6,0,1
BRDA:147,6,1,2
BRDA:156,7,0,1
BRDA:156,7,1,1
BRDA:174,8,0,1
BRDA:174,8,1,5
BRDA:179,9,0,4
BRDA:179,9,1,1
BRDA:179,10,0,5
BRDA:179,10,1,4
BRDA:252,11,0,5
BRDA:252,11,1,2
BRF:22
BRH:22
end_of_record
TN:
SF:/Users/advanderveer/Documents/Personal/Javascript/station.js/ticket.js/src/state.js
FN:1,State
FNF:1
FNH:1
FNDA:6,State
DA:1,1
DA:2,6
DA:8,6
DA:12,1
LF:4
LH:4
BRF:0
BRH:0
end_of_record
TN:
SF:/Users/advanderveer/Documents/Personal/Javascript/station.js/ticket.js/src/errors.js
FN:4,ControllerReturnedInvalidError
FN:13,(anonymous_2)
FN:21,ControllerTimeoutError
FN:30,(anonymous_4)
FN:38,ControllerNotFoundError
FN:47,(anonymous_6)
FNF:6
FNH:6
FNDA:2,ControllerReturnedInvalidError
FNDA:1,(anonymous_2)
FNDA:1,ControllerTimeoutError
FNDA:1,(anonymous_4)
FNDA:1,ControllerNotFoundError
FNDA:1,(anonymous_6)
DA:4,1
DA:5,2
DA:6,2
DA:8,2
DA:9,2
DA:11,2
DA:13,1
DA:14,1
DA:15,1
DA:21,1
DA:22,1
DA:23,1
DA:25,1
DA:26,1
DA:28,1
DA:30,1
DA:31,1
DA:32,1
DA:38,1
DA:39,1
DA:40,1
DA:42,1
DA:43,1
DA:45,1
DA:47,1
DA:48,1
DA:49,1
DA:52,1
LF:28
LH:28
BRF:0
BRH:0
end_of_record
TN:
SF:/Users/advanderveer/Documents/Personal/Javascript/station.js/ticket.js/src/ticket.js
FN:14,Ticket
FN:31,isServer
FN:42,handle
FN:54,(anonymous_4)
FN:59,(anonymous_5)
FN:64,(anonymous_6)
FN:69,(anonymous_7)
FN:74,(anonymous_8)
FN:88,install
FN:89,(anonymous_10)
FN:99,(anonymous_11)
FN:104,(anonymous_12)
FN:122,normalize
FNF:13
FNH:13
FNDA:24,Ticket
FNDA:19,isServer
FNDA:4,handle
FNDA:1,(anonymous_4)
FNDA:2,(anonymous_5)
FNDA:1,(anonymous_6)
FNDA:2,(anonymous_7)
FNDA:1,(anonymous_8)
FNDA:4,install
FNDA:3,(anonymous_10)
FNDA:1,(anonymous_11)
FNDA:3,(anonymous_12)
FNDA:13,normalize
DA:2,1
DA:3,1
DA:14,1
DA:15,24
DA:23,24
DA:31,24
DA:32,19
DA:42,24
DA:43,4
DA:46,4
DA:48,4
DA:49,4
DA:50,4
DA:51,3
DA:54,4
DA:55,1
DA:59,4
DA:60,2
DA:63,2
DA:65,1
DA:69,4
DA:70,2
DA:73,2
DA:75,1
DA:78,4
DA:88,24
DA:89,4
DA:90,3
DA:91,3
DA:92,3
DA:94,1
DA:98,4
DA:99,1
DA:100,1
DA:101,1
DA:104,3
DA:105,3
DA:106,3
DA:107,1
DA:109,2
DA:122,24
DA:124,13
DA:125,8
DA:126,2
DA:129,6
DA:130,6
DA:132,6
DA:133,2
DA:135,4
DA:136,2
DA:138,2
DA:142,5
DA:143,5
DA:144,2
DA:147,3
DA:155,1
LF:56
LH:56
BRDA:32,1,0,10
BRDA:32,1,1,9
BRDA:50,2,0,3
BRDA:50,2,1,1
BRDA:98,3,0,1
BRDA:98,3,1,3
BRDA:106,4,0,1
BRDA:106,4,1,2
BRDA:106,5,0,3
BRDA:106,5,1,2
BRDA:124,6,0,8
BRDA:124,6,1,5
BRDA:125,7,0,2
BRDA:125,7,1,6
BRDA:132,8,0,2
BRDA:132,8,1,4
BRDA:135,9,0,2
BRDA:135,9,1,2
BRDA:143,10,0,2
BRDA:143,10,1,3
BRDA:143,11,0,5
BRDA:143,11,1,4
BRF:22
BRH:22
end_of_record
TN:
SF:/Users/advanderveer/Documents/Personal/Javascript/station.js/ticket.js/src/normalizer.js
FN:3,Normalizer
FN:12,normalizeBrowserEvent
FN:34,normalizeServerRequest
FNF:3
FNH:3
FNDA:12,Normalizer
FNDA:3,normalizeBrowserEvent
FNDA:2,normalizeServerRequest
DA:1,1
DA:3,1
DA:4,12
DA:12,12
DA:14,3
DA:15,1
DA:17,2
DA:18,2
DA:19,1
DA:22,2
DA:23,2
DA:34,12
DA:35,2
DA:37,2
DA:42,1
LF:15
LH:15
BRDA:14,1,0,1
BRDA:14,1,1,2
BRDA:14,2,0,3
BRDA:14,2,1,3
BRDA:18,3,0,1
BRDA:18,3,1,1
BRF:6
BRH:6
end_of_record
